TN:
SF:src\config\features.js
FN:1,asBool
FNF:1
FNH:1
FNDA:12,asBool
DA:1,12
DA:2,12
DA:3,0
DA:4,12
DA:5,12
DA:6,1
DA:7,1
DA:8,1
DA:9,1
DA:10,1
DA:11,1
DA:12,1
DA:13,1
DA:14,1
LF:14
LH:13
BRDA:1,0,0,12
BRDA:2,1,0,0
BRDA:4,2,0,0
BRDA:4,3,0,0
BRF:4
BRH:1
end_of_record
TN:
SF:src\controllers\admin.controller.js
FN:8,getStats
FN:19,importUsers
FN:36,listAssignments
FN:91,createAssignments
FN:136,deleteAssignment
FN:154,overrideResult
FN:174,listBatches
FN:186,createBatch
FN:203,updateBatch
FN:243,deleteBatch
FN:254,liveMonitor
FN:264,examAnalytics
FN:274,getUserStats
FNF:13
FNH:8
FNDA:1,getStats
FNDA:3,importUsers
FNDA:2,listAssignments
FNDA:1,createAssignments
FNDA:0,deleteAssignment
FNDA:1,overrideResult
FNDA:1,listBatches
FNDA:1,createBatch
FNDA:0,updateBatch
FNDA:0,deleteBatch
FNDA:0,liveMonitor
FNDA:0,examAnalytics
FNDA:1,getUserStats
DA:1,1
DA:2,1
DA:3,1
DA:4,1
DA:5,1
DA:6,1
DA:7,1
DA:8,1
DA:9,1
DA:10,1
DA:11,1
DA:12,1
DA:13,1
DA:14,0
DA:15,0
DA:16,0
DA:17,1
DA:18,1
DA:19,3
DA:20,3
DA:21,3
DA:22,3
DA:23,1
DA:24,1
DA:25,3
DA:26,1
DA:27,1
DA:28,1
DA:29,1
DA:30,3
DA:31,0
DA:32,0
DA:33,0
DA:34,3
DA:35,1
DA:36,2
DA:37,2
DA:38,2
DA:39,2
DA:40,2
DA:41,0
DA:42,2
DA:43,2
DA:44,2
DA:45,2
DA:46,2
DA:47,1
DA:48,1
DA:49,2
DA:50,0
DA:51,0
DA:52,0
DA:53,0
DA:54,0
DA:55,1
DA:56,1
DA:57,1
DA:58,1
DA:59,1
DA:60,1
DA:61,1
DA:62,1
DA:63,1
DA:64,1
DA:65,1
DA:66,1
DA:67,1
DA:68,1
DA:69,1
DA:70,1
DA:71,1
DA:72,1
DA:73,1
DA:74,1
DA:75,1
DA:76,1
DA:77,1
DA:78,1
DA:79,1
DA:80,1
DA:81,1
DA:82,1
DA:83,1
DA:84,1
DA:85,2
DA:86,0
DA:87,0
DA:88,0
DA:89,2
DA:90,1
DA:91,1
DA:92,1
DA:93,1
DA:94,1
DA:95,1
DA:96,0
DA:97,0
DA:98,1
DA:99,1
DA:100,1
DA:101,1
DA:102,1
DA:103,1
DA:104,1
DA:105,1
DA:106,1
DA:107,1
DA:108,1
DA:109,1
DA:110,1
DA:111,1
DA:112,0
DA:113,0
DA:114,1
DA:115,1
DA:116,1
DA:117,1
DA:118,1
DA:119,1
DA:120,1
DA:121,0
DA:122,1
DA:123,1
DA:124,1
DA:125,1
DA:126,1
DA:127,1
DA:128,1
DA:129,1
DA:130,1
DA:131,0
DA:132,0
DA:133,0
DA:134,1
DA:135,1
DA:136,0
DA:137,0
DA:138,0
DA:139,0
DA:140,0
DA:141,0
DA:142,0
DA:143,0
DA:144,0
DA:145,0
DA:146,0
DA:147,0
DA:148,0
DA:149,0
DA:150,0
DA:151,0
DA:152,0
DA:153,1
DA:154,1
DA:155,1
DA:156,1
DA:157,1
DA:158,0
DA:159,0
DA:160,1
DA:161,1
DA:162,1
DA:163,1
DA:164,0
DA:165,0
DA:166,1
DA:167,1
DA:168,1
DA:169,0
DA:170,0
DA:171,0
DA:172,1
DA:173,1
DA:174,1
DA:175,1
DA:176,1
DA:177,1
DA:178,1
DA:179,1
DA:180,1
DA:181,0
DA:182,0
DA:183,0
DA:184,1
DA:185,1
DA:186,1
DA:187,1
DA:188,1
DA:189,1
DA:190,1
DA:191,1
DA:192,1
DA:193,1
DA:194,1
DA:195,1
DA:196,0
DA:197,0
DA:198,0
DA:199,0
DA:200,0
DA:201,1
DA:202,1
DA:203,0
DA:204,0
DA:205,0
DA:206,0
DA:207,0
DA:208,0
DA:209,0
DA:210,0
DA:211,0
DA:212,0
DA:213,0
DA:214,0
DA:215,0
DA:216,0
DA:217,0
DA:218,0
DA:219,0
DA:220,0
DA:221,0
DA:222,0
DA:223,0
DA:224,0
DA:225,0
DA:226,0
DA:227,0
DA:228,0
DA:229,0
DA:230,0
DA:231,0
DA:232,0
DA:233,0
DA:234,0
DA:235,0
DA:236,0
DA:237,0
DA:238,0
DA:239,0
DA:240,0
DA:241,0
DA:242,1
DA:243,0
DA:244,0
DA:245,0
DA:246,0
DA:247,0
DA:248,0
DA:249,0
DA:250,0
DA:251,0
DA:252,0
DA:253,1
DA:254,0
DA:255,0
DA:256,0
DA:257,0
DA:258,0
DA:259,0
DA:260,0
DA:261,0
DA:262,0
DA:263,1
DA:264,0
DA:265,0
DA:266,0
DA:267,0
DA:268,0
DA:269,0
DA:270,0
DA:271,0
DA:272,0
DA:273,1
DA:274,1
DA:275,1
DA:276,1
DA:277,1
DA:278,1
DA:279,1
DA:280,1
DA:281,0
DA:282,0
DA:283,0
DA:284,0
DA:285,0
DA:286,0
DA:287,1
DA:288,1
DA:289,1
DA:290,1
DA:291,1
DA:292,1
DA:293,1
DA:294,1
DA:295,1
DA:296,1
DA:297,1
DA:298,1
DA:299,1
DA:300,1
DA:301,1
DA:302,1
DA:303,1
DA:304,1
DA:305,1
DA:306,1
DA:307,1
DA:308,1
DA:309,1
DA:310,1
DA:311,1
DA:312,1
DA:313,0
DA:314,1
DA:315,1
DA:316,1
DA:317,1
DA:318,1
DA:319,1
DA:320,1
DA:321,1
DA:322,1
DA:323,1
DA:324,1
DA:325,0
DA:326,0
DA:327,0
DA:328,1
DA:329,1
DA:330,1
DA:331,1
DA:332,1
DA:333,1
DA:334,1
DA:335,1
DA:336,1
DA:337,1
DA:338,1
DA:339,1
DA:340,1
DA:341,1
DA:342,1
DA:343,1
DA:344,1
LF:344
LH:212
BRDA:8,0,0,1
BRDA:13,1,0,0
BRDA:19,2,0,3
BRDA:22,3,0,1
BRDA:24,4,0,2
BRDA:25,5,0,1
BRDA:30,6,0,0
BRDA:36,7,0,2
BRDA:41,8,0,0
BRDA:46,9,0,1
BRDA:49,10,0,0
BRDA:54,11,0,1
BRDA:85,12,0,0
BRDA:74,13,0,1
BRDA:77,14,0,0
BRDA:78,15,0,0
BRDA:78,16,0,0
BRDA:91,17,0,1
BRDA:95,18,0,0
BRDA:95,19,0,0
BRDA:111,20,0,0
BRDA:130,21,0,0
BRDA:117,22,0,1
BRDA:154,23,0,1
BRDA:157,24,0,0
BRDA:163,25,0,0
BRDA:168,26,0,0
BRDA:174,27,0,1
BRDA:180,28,0,0
BRDA:186,29,0,1
BRDA:189,30,0,0
BRDA:195,31,0,0
BRDA:274,32,0,1
BRDA:280,33,0,0
BRDA:311,34,0,0
BRDA:312,35,0,0
BRDA:324,36,0,0
BRDA:299,37,0,2
BRDA:299,38,0,0
BRDA:301,39,0,2
BRDA:301,40,0,0
BRF:41
BRH:17
end_of_record
TN:
SF:src\controllers\anti-cheat.controller.js
FN:4,violation
FN:15,heartbeat
FN:20,flags
FNF:3
FNH:3
FNDA:2,violation
FNDA:1,heartbeat
FNDA:1,flags
DA:1,1
DA:2,1
DA:3,1
DA:4,2
DA:5,2
DA:6,2
DA:7,2
DA:8,2
DA:9,2
DA:10,2
DA:11,2
DA:12,2
DA:13,2
DA:14,1
DA:15,1
DA:16,1
DA:17,1
DA:18,1
DA:19,1
DA:20,1
DA:21,1
DA:22,1
DA:23,1
DA:24,1
DA:25,1
DA:26,1
DA:27,1
DA:28,1
DA:29,1
LF:29
LH:29
BRDA:4,0,0,2
BRDA:5,1,0,1
BRDA:15,2,0,1
BRDA:16,3,0,0
BRDA:20,4,0,1
BRF:5
BRH:4
end_of_record
TN:
SF:src\controllers\auth.controller.js
FN:6,setAuthCookies
FN:28,clearAuthCookies
FN:37,register
FN:51,loginStudent
FN:65,loginStaff
FN:86,me
FN:91,refresh
FN:102,refreshWithToken
FN:117,forgotPassword
FN:128,resetPassword
FN:139,logout
FN:155,changePassword
FN:169,verifyResetToken
FNF:13
FNH:8
FNDA:4,setAuthCookies
FNDA:2,clearAuthCookies
FNDA:1,register
FNDA:1,loginStudent
FNDA:1,loginStaff
FNDA:1,me
FNDA:0,refresh
FNDA:1,refreshWithToken
FNDA:0,forgotPassword
FNDA:0,resetPassword
FNDA:2,logout
FNDA:0,changePassword
FNDA:0,verifyResetToken
DA:1,1
DA:2,1
DA:3,1
DA:4,1
DA:5,1
DA:6,4
DA:7,4
DA:8,4
DA:9,4
DA:10,4
DA:11,4
DA:12,4
DA:13,4
DA:14,4
DA:15,4
DA:16,4
DA:17,4
DA:18,4
DA:19,4
DA:20,4
DA:21,4
DA:22,4
DA:23,4
DA:24,4
DA:25,4
DA:26,4
DA:27,1
DA:28,2
DA:29,2
DA:30,2
DA:31,2
DA:32,2
DA:33,2
DA:34,2
DA:35,2
DA:36,1
DA:37,1
DA:38,1
DA:39,1
DA:40,1
DA:41,1
DA:42,1
DA:43,1
DA:44,1
DA:45,1
DA:46,1
DA:47,1
DA:48,1
DA:49,1
DA:50,1
DA:51,1
DA:52,1
DA:53,1
DA:54,1
DA:55,1
DA:56,1
DA:57,1
DA:58,1
DA:59,1
DA:60,1
DA:61,1
DA:62,1
DA:63,1
DA:64,1
DA:65,1
DA:66,1
DA:67,1
DA:68,1
DA:69,1
DA:70,1
DA:71,1
DA:72,1
DA:73,1
DA:74,1
DA:75,1
DA:76,1
DA:77,1
DA:78,1
DA:79,1
DA:80,1
DA:81,0
DA:82,0
DA:83,0
DA:84,1
DA:85,1
DA:86,1
DA:87,1
DA:88,1
DA:89,1
DA:90,1
DA:91,0
DA:92,0
DA:93,0
DA:94,0
DA:95,0
DA:96,0
DA:97,0
DA:98,0
DA:99,0
DA:100,0
DA:101,1
DA:102,1
DA:103,1
DA:104,1
DA:105,1
DA:106,1
DA:107,1
DA:108,1
DA:109,1
DA:110,1
DA:111,1
DA:112,1
DA:113,1
DA:114,1
DA:115,1
DA:116,1
DA:117,0
DA:118,0
DA:119,0
DA:120,0
DA:121,0
DA:122,0
DA:123,0
DA:124,0
DA:125,0
DA:126,0
DA:127,1
DA:128,0
DA:129,0
DA:130,0
DA:131,0
DA:132,0
DA:133,0
DA:134,0
DA:135,0
DA:136,0
DA:137,0
DA:138,1
DA:139,2
DA:140,2
DA:141,2
DA:142,1
DA:143,2
DA:144,1
DA:145,1
DA:146,1
DA:147,2
DA:148,2
DA:149,2
DA:150,2
DA:151,2
DA:152,2
DA:153,2
DA:154,2
DA:155,0
DA:156,0
DA:157,0
DA:158,0
DA:159,0
DA:160,0
DA:161,0
DA:162,0
DA:163,0
DA:164,0
DA:165,0
DA:166,0
DA:167,0
DA:168,1
DA:169,0
DA:170,0
DA:171,0
DA:172,0
DA:173,1
DA:174,1
DA:175,1
DA:176,1
DA:177,1
DA:178,1
DA:179,1
DA:180,1
DA:181,1
DA:182,1
DA:183,1
DA:184,1
DA:185,1
DA:186,1
LF:186
LH:136
BRDA:6,0,0,4
BRDA:9,1,0,0
BRDA:10,2,0,0
BRDA:28,3,0,2
BRDA:31,4,0,0
BRDA:32,5,0,0
BRDA:37,6,0,1
BRDA:38,7,0,0
BRDA:51,8,0,1
BRDA:52,9,0,0
BRDA:65,10,0,1
BRDA:67,11,0,0
BRDA:80,12,0,0
BRDA:86,13,0,1
BRDA:102,14,0,1
BRDA:139,15,0,2
BRDA:142,16,0,1
BRDA:143,17,0,1
BRDA:147,18,0,0
BRF:19
BRH:10
end_of_record
TN:
SF:src\controllers\colleges.controller.js
FN:3,list
FN:11,create
FN:16,update
FN:21,deactivate
FNF:4
FNH:4
FNDA:2,list
FNDA:1,create
FNDA:1,update
FNDA:1,deactivate
DA:1,1
DA:2,1
DA:3,2
DA:4,2
DA:5,2
DA:6,1
DA:7,2
DA:8,1
DA:9,1
DA:10,1
DA:11,1
DA:12,1
DA:13,1
DA:14,1
DA:15,1
DA:16,1
DA:17,1
DA:18,1
DA:19,1
DA:20,1
DA:21,1
DA:22,1
DA:23,1
DA:24,1
DA:25,1
DA:26,1
LF:26
LH:26
BRDA:3,0,0,2
BRDA:6,1,0,1
BRDA:7,2,0,1
BRDA:11,3,0,1
BRDA:16,4,0,1
BRDA:21,5,0,1
BRF:6
BRH:6
end_of_record
TN:
SF:src\controllers\exams.controller.js
FN:4,create
FN:15,createFromPdf
FN:41,createFromExcel
FN:67,listCatalog
FN:73,getOne
FN:79,getOneStaff
FN:85,startAttempt
FN:90,saveAnswer
FN:95,syncAnswers
FN:100,submit
FN:111,attemptStatus
FN:116,attemptDetails
FN:121,updateMeta
FN:137,replaceQuestions
FN:152,publish
FN:169,remove
FN:180,publishResults
FN:185,extendTime
FN:194,terminateSession
FN:204,resetAttempt
FN:213,bulkStatus
FNF:21
FNH:11
FNDA:1,create
FNDA:2,createFromPdf
FNDA:2,createFromExcel
FNDA:1,listCatalog
FNDA:1,getOne
FNDA:1,getOneStaff
FNDA:1,startAttempt
FNDA:1,saveAnswer
FNDA:0,syncAnswers
FNDA:1,submit
FNDA:0,attemptStatus
FNDA:0,attemptDetails
FNDA:0,updateMeta
FNDA:0,replaceQuestions
FNDA:2,publish
FNDA:0,remove
FNDA:0,publishResults
FNDA:0,extendTime
FNDA:0,terminateSession
FNDA:0,resetAttempt
FNDA:2,bulkStatus
DA:1,1
DA:2,1
DA:3,1
DA:4,1
DA:5,1
DA:6,1
DA:7,1
DA:8,1
DA:9,1
DA:10,1
DA:11,1
DA:12,1
DA:13,1
DA:14,1
DA:15,2
DA:16,2
DA:17,2
DA:18,1
DA:19,1
DA:20,2
DA:21,2
DA:22,2
DA:23,2
DA:24,2
DA:25,2
DA:26,2
DA:27,2
DA:28,2
DA:29,2
DA:30,2
DA:31,2
DA:32,1
DA:33,1
DA:34,1
DA:35,1
DA:36,1
DA:37,1
DA:38,1
DA:39,1
DA:40,1
DA:41,2
DA:42,2
DA:43,2
DA:44,1
DA:45,1
DA:46,2
DA:47,2
DA:48,2
DA:49,2
DA:50,2
DA:51,2
DA:52,2
DA:53,2
DA:54,2
DA:55,2
DA:56,2
DA:57,2
DA:58,1
DA:59,1
DA:60,1
DA:61,1
DA:62,1
DA:63,1
DA:64,1
DA:65,1
DA:66,1
DA:67,1
DA:68,1
DA:69,1
DA:70,1
DA:71,1
DA:72,1
DA:73,1
DA:74,1
DA:75,1
DA:76,1
DA:77,1
DA:78,1
DA:79,1
DA:80,1
DA:81,1
DA:82,1
DA:83,1
DA:84,1
DA:85,1
DA:86,1
DA:87,1
DA:88,1
DA:89,1
DA:90,1
DA:91,1
DA:92,1
DA:93,1
DA:94,1
DA:95,0
DA:96,0
DA:97,0
DA:98,0
DA:99,1
DA:100,1
DA:101,1
DA:102,1
DA:103,1
DA:104,1
DA:105,1
DA:106,1
DA:107,1
DA:108,1
DA:109,1
DA:110,1
DA:111,0
DA:112,0
DA:113,0
DA:114,0
DA:115,1
DA:116,0
DA:117,0
DA:118,0
DA:119,0
DA:120,1
DA:121,0
DA:122,0
DA:123,0
DA:124,0
DA:125,0
DA:126,0
DA:127,0
DA:128,0
DA:129,0
DA:130,0
DA:131,0
DA:132,0
DA:133,0
DA:134,0
DA:135,0
DA:136,1
DA:137,0
DA:138,0
DA:139,0
DA:140,0
DA:141,0
DA:142,0
DA:143,0
DA:144,0
DA:145,0
DA:146,0
DA:147,0
DA:148,0
DA:149,0
DA:150,0
DA:151,1
DA:152,2
DA:153,2
DA:154,2
DA:155,2
DA:156,1
DA:157,1
DA:158,1
DA:159,1
DA:160,2
DA:161,2
DA:162,2
DA:163,2
DA:164,2
DA:165,2
DA:166,2
DA:167,2
DA:168,1
DA:169,0
DA:170,0
DA:171,0
DA:172,0
DA:173,0
DA:174,0
DA:175,0
DA:176,0
DA:177,0
DA:178,0
DA:179,1
DA:180,0
DA:181,0
DA:182,0
DA:183,0
DA:184,1
DA:185,0
DA:186,0
DA:187,0
DA:188,0
DA:189,0
DA:190,0
DA:191,0
DA:192,0
DA:193,1
DA:194,0
DA:195,0
DA:196,0
DA:197,0
DA:198,0
DA:199,0
DA:200,0
DA:201,0
DA:202,0
DA:203,1
DA:204,0
DA:205,0
DA:206,0
DA:207,0
DA:208,0
DA:209,0
DA:210,0
DA:211,0
DA:212,1
DA:213,2
DA:214,2
DA:215,2
DA:216,1
DA:217,1
DA:218,1
DA:219,1
DA:220,1
DA:221,1
DA:222,1
DA:223,1
DA:224,1
DA:225,1
DA:226,1
DA:227,1
DA:228,1
DA:229,1
DA:230,1
DA:231,1
DA:232,1
DA:233,1
DA:234,1
DA:235,1
DA:236,1
DA:237,1
DA:238,1
DA:239,1
DA:240,1
DA:241,1
DA:242,1
DA:243,1
DA:244,1
DA:245,1
DA:246,1
DA:247,1
DA:248,1
DA:249,1
DA:250,1
DA:251,1
DA:252,1
DA:253,1
LF:253
LH:173
BRDA:4,0,0,1
BRDA:5,1,0,0
BRDA:15,2,0,2
BRDA:17,3,0,1
BRDA:17,4,0,1
BRDA:21,5,0,1
BRDA:22,6,0,1
BRDA:22,7,0,0
BRDA:23,8,0,1
BRDA:23,9,0,1
BRDA:23,10,0,0
BRDA:31,11,0,1
BRDA:41,12,0,2
BRDA:43,13,0,1
BRDA:43,14,0,1
BRDA:47,15,0,1
BRDA:48,16,0,1
BRDA:48,17,0,1
BRDA:49,18,0,1
BRDA:49,19,0,0
BRDA:49,20,0,1
BRDA:57,21,0,1
BRDA:67,22,0,1
BRDA:73,23,0,1
BRDA:79,24,0,1
BRDA:85,25,0,1
BRDA:90,26,0,1
BRDA:91,27,0,0
BRDA:100,28,0,1
BRDA:101,29,0,0
BRDA:152,30,0,2
BRDA:155,31,0,1
BRDA:155,32,0,1
BRDA:213,33,0,2
BRDA:215,34,0,1
BRDA:215,35,0,1
BRF:36
BRH:30
end_of_record
TN:
SF:src\controllers\group.controller.js
FN:14,listGroups
FN:78,getGroup
FN:106,createGroup
FN:143,updateGroup
FN:183,deleteGroup
FN:201,bulkDisable
FN:218,bulkEnable
FNF:7
FNH:7
FNDA:2,listGroups
FNDA:2,getGroup
FNDA:3,createGroup
FNDA:1,updateGroup
FNDA:1,deleteGroup
FNDA:2,bulkDisable
FNDA:1,bulkEnable
DA:1,1
DA:2,1
DA:3,1
DA:4,1
DA:5,1
DA:6,1
DA:7,1
DA:8,1
DA:9,1
DA:10,1
DA:11,1
DA:12,1
DA:13,1
DA:14,2
DA:15,2
DA:16,2
DA:17,2
DA:18,2
DA:19,2
DA:20,1
DA:21,1
DA:22,1
DA:23,1
DA:24,1
DA:25,1
DA:26,1
DA:27,1
DA:28,1
DA:29,1
DA:30,1
DA:31,1
DA:32,1
DA:33,1
DA:34,1
DA:35,1
DA:36,1
DA:37,1
DA:38,1
DA:39,1
DA:40,1
DA:41,1
DA:42,1
DA:43,1
DA:44,1
DA:45,1
DA:46,1
DA:47,1
DA:48,1
DA:49,1
DA:50,1
DA:51,1
DA:52,1
DA:53,1
DA:54,1
DA:55,1
DA:56,1
DA:57,1
DA:58,1
DA:59,1
DA:60,1
DA:61,1
DA:62,1
DA:63,1
DA:64,1
DA:65,1
DA:66,1
DA:67,1
DA:68,1
DA:69,1
DA:70,1
DA:71,1
DA:72,2
DA:73,0
DA:74,0
DA:75,0
DA:76,2
DA:77,1
DA:78,2
DA:79,2
DA:80,2
DA:81,2
DA:82,2
DA:83,2
DA:84,2
DA:85,2
DA:86,2
DA:87,2
DA:88,2
DA:89,2
DA:90,2
DA:91,2
DA:92,2
DA:93,2
DA:94,2
DA:95,2
DA:96,2
DA:97,2
DA:98,1
DA:99,1
DA:100,1
DA:101,1
DA:102,1
DA:103,1
DA:104,2
DA:105,1
DA:106,3
DA:107,3
DA:108,3
DA:109,3
DA:110,3
DA:111,3
DA:112,1
DA:113,1
DA:114,1
DA:115,1
DA:116,1
DA:117,1
DA:118,1
DA:119,1
DA:120,1
DA:121,1
DA:122,1
DA:123,1
DA:124,1
DA:125,1
DA:126,1
DA:127,1
DA:128,1
DA:129,1
DA:130,1
DA:131,1
DA:132,1
DA:133,1
DA:134,1
DA:135,1
DA:136,3
DA:137,2
DA:138,2
DA:139,2
DA:140,2
DA:141,3
DA:142,1
DA:143,1
DA:144,1
DA:145,1
DA:146,1
DA:147,1
DA:148,1
DA:149,1
DA:150,1
DA:151,1
DA:152,1
DA:153,1
DA:154,1
DA:155,1
DA:156,1
DA:157,1
DA:158,1
DA:159,1
DA:160,1
DA:161,1
DA:162,1
DA:163,1
DA:164,1
DA:165,1
DA:166,1
DA:167,1
DA:168,1
DA:169,1
DA:170,1
DA:171,1
DA:172,1
DA:173,1
DA:174,1
DA:175,1
DA:176,1
DA:177,0
DA:178,0
DA:179,0
DA:180,0
DA:181,1
DA:182,1
DA:183,1
DA:184,1
DA:185,1
DA:186,1
DA:187,1
DA:188,1
DA:189,1
DA:190,1
DA:191,1
DA:192,1
DA:193,1
DA:194,1
DA:195,1
DA:196,0
DA:197,0
DA:198,0
DA:199,1
DA:200,1
DA:201,2
DA:202,2
DA:203,2
DA:204,1
DA:205,1
DA:206,1
DA:207,1
DA:208,1
DA:209,1
DA:210,1
DA:211,1
DA:212,1
DA:213,1
DA:214,1
DA:215,1
DA:216,1
DA:217,1
DA:218,1
DA:219,1
DA:220,1
DA:221,0
DA:222,0
DA:223,1
DA:224,1
DA:225,1
DA:226,1
DA:227,1
DA:228,1
DA:229,1
DA:230,1
DA:231,1
DA:232,1
DA:233,1
DA:234,1
DA:235,1
DA:236,1
DA:237,1
DA:238,1
DA:239,1
DA:240,1
DA:241,1
DA:242,1
DA:243,1
LF:243
LH:231
BRDA:14,0,0,2
BRDA:19,1,0,1
BRDA:72,2,0,0
BRDA:37,3,0,1
BRDA:42,4,0,0
BRDA:48,5,0,0
BRDA:49,6,0,0
BRDA:38,7,0,1
BRDA:78,8,0,2
BRDA:97,9,0,1
BRDA:101,10,0,0
BRDA:102,11,0,0
BRDA:106,12,0,3
BRDA:110,13,0,2
BRDA:111,14,0,1
BRDA:136,15,0,2
BRDA:138,16,0,1
BRDA:139,17,0,0
BRDA:121,18,0,1
BRDA:126,19,0,1
BRDA:143,20,0,1
BRDA:149,21,0,0
BRDA:176,22,0,0
BRDA:183,23,0,1
BRDA:195,24,0,0
BRDA:201,25,0,2
BRDA:203,26,0,1
BRDA:203,27,0,1
BRDA:218,28,0,1
BRDA:220,29,0,0
BRF:30
BRH:19
end_of_record
TN:
SF:src\controllers\materials.controller.js
FN:8,upload
FN:29,list
FN:43,download
FN:84,view
FN:116,getOne
FN:124,remove
FN:133,update
FN:141,bulkDisable
FN:153,bulkVerify
FNF:9
FNH:9
FNDA:2,upload
FNDA:1,list
FNDA:3,download
FNDA:3,view
FNDA:1,getOne
FNDA:1,remove
FNDA:1,update
FNDA:2,bulkDisable
FNDA:2,bulkVerify
DA:1,1
DA:2,1
DA:3,1
DA:4,1
DA:5,1
DA:6,1
DA:7,1
DA:8,2
DA:9,2
DA:10,1
DA:11,1
DA:12,1
DA:13,1
DA:14,1
DA:15,1
DA:16,1
DA:17,1
DA:18,1
DA:19,1
DA:20,1
DA:21,1
DA:22,1
DA:23,1
DA:24,1
DA:25,1
DA:26,1
DA:27,1
DA:28,1
DA:29,1
DA:30,1
DA:31,1
DA:32,1
DA:33,1
DA:34,1
DA:35,1
DA:36,1
DA:37,1
DA:38,1
DA:39,1
DA:40,1
DA:41,1
DA:42,1
DA:43,3
DA:44,3
DA:45,3
DA:46,3
DA:47,1
DA:48,1
DA:49,2
DA:50,3
DA:51,1
DA:52,1
DA:53,1
DA:54,1
DA:55,1
DA:56,1
DA:57,1
DA:58,1
DA:59,1
DA:60,1
DA:61,1
DA:62,1
DA:63,1
DA:64,1
DA:65,1
DA:66,1
DA:67,1
DA:68,1
DA:69,1
DA:70,1
DA:71,0
DA:72,0
DA:73,0
DA:74,1
DA:75,1
DA:76,1
DA:77,1
DA:78,1
DA:79,1
DA:80,1
DA:81,1
DA:82,1
DA:83,1
DA:84,3
DA:85,3
DA:86,3
DA:87,3
DA:88,1
DA:89,1
DA:90,2
DA:91,3
DA:92,1
DA:93,1
DA:94,1
DA:95,1
DA:96,1
DA:97,1
DA:98,1
DA:99,1
DA:100,1
DA:101,1
DA:102,1
DA:103,1
DA:104,1
DA:105,1
DA:106,0
DA:107,0
DA:108,0
DA:109,1
DA:110,1
DA:111,1
DA:112,1
DA:113,1
DA:114,1
DA:115,1
DA:116,1
DA:117,1
DA:118,1
DA:119,1
DA:120,1
DA:121,1
DA:122,1
DA:123,1
DA:124,1
DA:125,1
DA:126,1
DA:127,1
DA:128,1
DA:129,1
DA:130,1
DA:131,1
DA:132,1
DA:133,1
DA:134,1
DA:135,1
DA:136,1
DA:137,1
DA:138,1
DA:139,1
DA:140,1
DA:141,2
DA:142,2
DA:143,2
DA:144,1
DA:145,1
DA:146,1
DA:147,1
DA:148,1
DA:149,1
DA:150,1
DA:151,1
DA:152,1
DA:153,2
DA:154,2
DA:155,2
DA:156,1
DA:157,1
DA:158,1
DA:159,1
DA:160,1
DA:161,1
DA:162,1
LF:162
LH:156
BRDA:8,0,0,2
BRDA:9,1,0,1
BRDA:29,2,0,1
BRDA:43,3,0,3
BRDA:46,4,0,1
BRDA:48,5,0,2
BRDA:50,6,0,1
BRDA:51,7,0,0
BRDA:84,8,0,3
BRDA:87,9,0,1
BRDA:89,10,0,2
BRDA:91,11,0,1
BRDA:92,12,0,0
BRDA:116,13,0,1
BRDA:124,14,0,1
BRDA:133,15,0,1
BRDA:141,16,0,2
BRDA:143,17,0,1
BRDA:153,18,0,2
BRDA:155,19,0,1
BRF:20
BRH:18
end_of_record
TN:
SF:src\controllers\notifications.controller.js
FN:4,send
FN:15,list
FNF:2
FNH:2
FNDA:1,send
FNDA:1,list
DA:1,1
DA:2,1
DA:3,1
DA:4,1
DA:5,1
DA:6,1
DA:7,1
DA:8,1
DA:9,1
DA:10,1
DA:11,1
DA:12,1
DA:13,1
DA:14,1
DA:15,1
DA:16,1
DA:17,1
DA:18,1
DA:19,1
DA:20,1
DA:21,1
DA:22,1
DA:23,1
LF:23
LH:23
BRDA:4,0,0,1
BRDA:5,1,0,0
BRDA:15,2,0,1
BRF:3
BRH:2
end_of_record
TN:
SF:src\controllers\results.controller.js
FN:3,listStudent
FN:8,listInstructor
FN:13,listAdmin
FN:18,summary
FN:23,exportCsv
FN:33,exportBulkCsv
FN:44,listAll
FN:57,getReview
FN:62,getAdminReview
FN:67,bulkDelete
FN:76,bulkEmail
FNF:11
FNH:11
FNDA:1,listStudent
FNDA:1,listInstructor
FNDA:1,listAdmin
FNDA:1,summary
FNDA:1,exportCsv
FNDA:1,exportBulkCsv
FNDA:4,listAll
FNDA:1,getReview
FNDA:1,getAdminReview
FNDA:2,bulkDelete
FNDA:2,bulkEmail
DA:1,1
DA:2,1
DA:3,1
DA:4,1
DA:5,1
DA:6,1
DA:7,1
DA:8,1
DA:9,1
DA:10,1
DA:11,1
DA:12,1
DA:13,1
DA:14,1
DA:15,1
DA:16,1
DA:17,1
DA:18,1
DA:19,1
DA:20,1
DA:21,1
DA:22,1
DA:23,1
DA:24,1
DA:25,1
DA:26,1
DA:27,1
DA:28,1
DA:29,1
DA:30,1
DA:31,1
DA:32,1
DA:33,1
DA:34,1
DA:35,1
DA:36,1
DA:37,1
DA:38,1
DA:39,1
DA:40,1
DA:41,1
DA:42,1
DA:43,1
DA:44,4
DA:45,4
DA:46,4
DA:47,4
DA:48,1
DA:49,4
DA:50,1
DA:51,3
DA:52,1
DA:53,1
DA:54,1
DA:55,1
DA:56,1
DA:57,1
DA:58,1
DA:59,1
DA:60,1
DA:61,1
DA:62,1
DA:63,1
DA:64,1
DA:65,1
DA:66,1
DA:67,2
DA:68,2
DA:69,2
DA:70,1
DA:71,1
DA:72,1
DA:73,1
DA:74,1
DA:75,1
DA:76,2
DA:77,2
DA:78,2
DA:79,1
DA:80,1
DA:81,1
DA:82,1
DA:83,1
DA:84,1
DA:85,1
DA:86,1
DA:87,1
DA:88,1
DA:89,1
DA:90,1
DA:91,1
DA:92,1
DA:93,1
DA:94,1
DA:95,1
DA:96,1
DA:97,1
LF:97
LH:97
BRDA:3,0,0,1
BRDA:8,1,0,1
BRDA:13,2,0,1
BRDA:18,3,0,1
BRDA:23,4,0,1
BRDA:33,5,0,1
BRDA:44,6,0,4
BRDA:47,7,0,1
BRDA:49,8,0,3
BRDA:49,9,0,1
BRDA:51,10,0,2
BRDA:51,11,0,1
BRDA:53,12,0,1
BRDA:57,13,0,1
BRDA:62,14,0,1
BRDA:67,15,0,2
BRDA:69,16,0,1
BRDA:69,17,0,1
BRDA:76,18,0,2
BRDA:78,19,0,1
BRDA:78,20,0,1
BRF:21
BRH:21
end_of_record
TN:
SF:src\controllers\users.controller.js
FN:5,createUser
FN:22,listAll
FN:31,searchUsers
FN:40,getFilters
FN:50,getById
FN:60,updateUser
FN:77,removeById
FN:98,resetPassword
FN:117,listInstructors
FN:127,createInstructor
FN:143,bulkImportCadets
FN:162,bulkUpdateManageExams
FN:180,bulkDisable
FNF:13
FNH:13
FNDA:1,createUser
FNDA:1,listAll
FNDA:1,searchUsers
FNDA:1,getFilters
FNDA:1,getById
FNDA:1,updateUser
FNDA:2,removeById
FNDA:1,resetPassword
FNDA:1,listInstructors
FNDA:1,createInstructor
FNDA:1,bulkImportCadets
FNDA:1,bulkUpdateManageExams
FNDA:2,bulkDisable
DA:1,1
DA:2,1
DA:3,1
DA:4,1
DA:5,1
DA:6,1
DA:7,1
DA:8,1
DA:9,1
DA:10,1
DA:11,1
DA:12,1
DA:13,1
DA:14,1
DA:15,1
DA:16,1
DA:17,0
DA:18,0
DA:19,0
DA:20,1
DA:21,1
DA:22,1
DA:23,1
DA:24,1
DA:25,1
DA:26,1
DA:27,0
DA:28,0
DA:29,1
DA:30,1
DA:31,1
DA:32,1
DA:33,1
DA:34,1
DA:35,1
DA:36,0
DA:37,0
DA:38,1
DA:39,1
DA:40,1
DA:41,1
DA:42,1
DA:43,1
DA:44,1
DA:45,0
DA:46,0
DA:47,0
DA:48,1
DA:49,1
DA:50,1
DA:51,1
DA:52,1
DA:53,1
DA:54,1
DA:55,0
DA:56,0
DA:57,0
DA:58,1
DA:59,1
DA:60,1
DA:61,1
DA:62,1
DA:63,1
DA:64,1
DA:65,1
DA:66,1
DA:67,1
DA:68,1
DA:69,1
DA:70,1
DA:71,1
DA:72,0
DA:73,0
DA:74,0
DA:75,1
DA:76,1
DA:77,2
DA:78,2
DA:79,2
DA:80,2
DA:81,1
DA:82,1
DA:83,1
DA:84,1
DA:85,1
DA:86,1
DA:87,1
DA:88,1
DA:89,1
DA:90,1
DA:91,1
DA:92,2
DA:93,0
DA:94,0
DA:95,0
DA:96,2
DA:97,1
DA:98,1
DA:99,1
DA:100,1
DA:101,1
DA:102,1
DA:103,1
DA:104,1
DA:105,1
DA:106,1
DA:107,1
DA:108,1
DA:109,1
DA:110,1
DA:111,1
DA:112,0
DA:113,0
DA:114,0
DA:115,1
DA:116,1
DA:117,1
DA:118,1
DA:119,1
DA:120,1
DA:121,1
DA:122,0
DA:123,0
DA:124,0
DA:125,1
DA:126,1
DA:127,1
DA:128,1
DA:129,1
DA:130,1
DA:131,1
DA:132,1
DA:133,1
DA:134,1
DA:135,1
DA:136,1
DA:137,1
DA:138,0
DA:139,0
DA:140,0
DA:141,1
DA:142,1
DA:143,1
DA:144,1
DA:145,1
DA:146,1
DA:147,1
DA:148,1
DA:149,1
DA:150,1
DA:151,1
DA:152,1
DA:153,1
DA:154,1
DA:155,1
DA:156,1
DA:157,0
DA:158,0
DA:159,0
DA:160,1
DA:161,1
DA:162,1
DA:163,1
DA:164,1
DA:165,1
DA:166,1
DA:167,1
DA:168,1
DA:169,1
DA:170,1
DA:171,1
DA:172,1
DA:173,1
DA:174,1
DA:175,0
DA:176,0
DA:177,0
DA:178,1
DA:179,1
DA:180,2
DA:181,2
DA:182,2
DA:183,2
DA:184,1
DA:185,1
DA:186,1
DA:187,1
DA:188,1
DA:189,1
DA:190,1
DA:191,1
DA:192,1
DA:193,1
DA:194,1
DA:195,2
DA:196,0
DA:197,0
DA:198,0
DA:199,2
DA:200,1
DA:201,1
DA:202,1
DA:203,1
DA:204,1
DA:205,1
DA:206,1
DA:207,1
DA:208,1
DA:209,1
DA:210,1
DA:211,1
DA:212,1
DA:213,1
DA:214,1
DA:215,1
LF:215
LH:178
BRDA:5,0,0,1
BRDA:16,1,0,0
BRDA:22,2,0,1
BRDA:24,3,0,0
BRDA:26,4,0,0
BRDA:31,5,0,1
BRDA:35,6,0,0
BRDA:40,7,0,1
BRDA:44,8,0,0
BRDA:50,9,0,1
BRDA:54,10,0,0
BRDA:60,11,0,1
BRDA:71,12,0,0
BRDA:77,13,0,2
BRDA:80,14,0,1
BRDA:92,15,0,0
BRDA:98,16,0,1
BRDA:111,17,0,0
BRDA:117,18,0,1
BRDA:121,19,0,0
BRDA:127,20,0,1
BRDA:137,21,0,0
BRDA:143,22,0,1
BRDA:156,23,0,0
BRDA:162,24,0,1
BRDA:174,25,0,0
BRDA:180,26,0,2
BRDA:183,27,0,1
BRDA:183,28,0,1
BRDA:195,29,0,0
BRF:30
BRH:16
end_of_record
TN:
SF:src\lib\b2.js
FNF:0
FNH:0
DA:1,1
DA:2,1
DA:3,1
DA:4,1
DA:5,1
DA:6,1
DA:7,1
DA:8,1
DA:9,1
DA:10,1
DA:11,1
DA:12,14
DA:13,4
DA:14,4
DA:15,4
DA:16,4
DA:17,4
DA:18,14
DA:19,1
DA:20,1
DA:21,1
DA:22,1
DA:23,1
DA:24,1
DA:25,1
DA:26,1
DA:27,1
DA:28,1
DA:29,1
DA:30,1
DA:31,1
DA:32,1
DA:33,1
DA:34,1
LF:34
LH:34
BRDA:11,0,0,14
BRDA:12,1,0,4
BRF:2
BRH:2
end_of_record
TN:
SF:src\lib\cache.js
FN:18,withTimeout
FN:38,trackKey
FN:43,cacheGetJson
FN:65,cacheSetJson
FN:76,cacheDel
FN:87,cacheGetOrFetch
FN:118,cacheDelNamespace
FN:133,cacheDelPattern
FN:137,withCacheLock
FN:151,getCacheVersion
FN:161,incrementCacheVersion
FNF:11
FNH:8
FNDA:61,withTimeout
FNDA:5,trackKey
FNDA:21,cacheGetJson
FNDA:10,cacheSetJson
FNDA:11,cacheDel
FNDA:10,cacheGetOrFetch
FNDA:18,cacheDelNamespace
FNDA:0,cacheDelPattern
FNDA:2,withCacheLock
FNDA:0,getCacheVersion
FNDA:0,incrementCacheVersion
DA:1,1
DA:2,1
DA:3,1
DA:4,1
DA:5,1
DA:6,1
DA:7,1
DA:8,1
DA:9,1
DA:10,1
DA:11,1
DA:12,1
DA:13,1
DA:14,1
DA:15,1
DA:16,1
DA:17,1
DA:18,61
DA:19,61
DA:20,61
DA:21,61
DA:22,61
DA:23,61
DA:24,61
DA:25,46
DA:26,1
DA:27,46
DA:28,46
DA:29,61
DA:30,61
DA:31,61
DA:32,60
DA:33,61
DA:34,61
DA:35,61
DA:36,61
DA:37,1
DA:38,5
DA:39,5
DA:40,5
DA:41,5
DA:42,1
DA:43,21
DA:44,21
DA:45,20
DA:46,20
DA:47,20
DA:48,19
DA:49,19
DA:50,19
DA:51,21
DA:52,1
DA:53,1
DA:54,1
DA:55,1
DA:56,19
DA:57,21
DA:58,7
DA:59,21
DA:60,1
DA:61,1
DA:62,1
DA:63,21
DA:64,1
DA:65,10
DA:66,10
DA:67,10
DA:68,10
DA:69,10
DA:70,10
DA:71,10
DA:72,4
DA:73,10
DA:74,10
DA:75,1
DA:76,11
DA:77,11
DA:78,11
DA:79,11
DA:80,11
DA:81,11
DA:82,0
DA:83,0
DA:84,11
DA:85,1
DA:86,1
DA:87,10
DA:88,10
DA:89,0
DA:90,0
DA:91,10
DA:92,10
DA:93,10
DA:94,5
DA:95,5
DA:96,5
DA:97,5
DA:98,10
DA:99,0
DA:100,0
DA:101,5
DA:102,5
DA:103,5
DA:104,5
DA:105,5
DA:106,5
DA:107,5
DA:108,5
DA:109,5
DA:110,0
DA:111,0
DA:112,5
DA:113,5
DA:114,5
DA:115,5
DA:116,5
DA:117,1
DA:118,18
DA:119,18
DA:120,18
DA:121,18
DA:122,18
DA:123,18
DA:124,18
DA:125,1
DA:126,1
DA:127,1
DA:128,18
DA:129,17
DA:130,17
DA:131,18
DA:132,1
DA:133,0
DA:134,0
DA:135,0
DA:136,1
DA:137,2
DA:138,2
DA:139,2
DA:140,2
DA:141,2
DA:142,2
DA:143,2
DA:144,1
DA:145,1
DA:146,1
DA:147,1
DA:148,1
DA:149,2
DA:150,1
DA:151,0
DA:152,0
DA:153,0
DA:154,0
DA:155,0
DA:156,0
DA:157,0
DA:158,0
DA:159,0
DA:160,1
DA:161,0
DA:162,0
DA:163,0
DA:164,0
DA:165,0
DA:166,0
DA:167,0
DA:168,0
DA:169,1
DA:170,1
DA:171,1
DA:172,1
DA:173,1
DA:174,1
DA:175,1
DA:176,1
DA:177,1
DA:178,1
DA:179,1
DA:180,1
DA:181,1
DA:182,1
LF:182
LH:154
BRDA:18,0,0,61
BRDA:24,1,0,46
BRDA:24,2,0,46
BRDA:31,3,0,60
BRDA:20,4,0,61
BRDA:25,5,0,1
BRDA:38,6,0,5
BRDA:39,7,0,0
BRDA:43,8,0,21
BRDA:44,9,0,1
BRDA:44,10,0,20
BRDA:47,11,0,19
BRDA:51,12,0,1
BRDA:55,13,0,19
BRDA:57,14,0,17
BRDA:57,15,0,12
BRDA:57,16,0,7
BRDA:59,17,0,1
BRDA:65,18,0,10
BRDA:66,19,0,0
BRDA:70,20,0,5
BRDA:71,21,0,4
BRDA:76,22,0,11
BRDA:77,23,0,0
BRDA:79,24,0,0
BRDA:81,25,0,0
BRDA:87,26,0,10
BRDA:88,27,0,0
BRDA:88,28,0,0
BRDA:93,29,0,5
BRDA:94,30,0,0
BRDA:98,31,0,0
BRDA:100,32,0,5
BRDA:103,33,0,5
BRDA:106,34,0,0
BRDA:118,35,0,18
BRDA:119,36,0,0
BRDA:122,37,0,0
BRDA:123,38,0,1
BRDA:124,39,0,1
BRDA:128,40,0,17
BRDA:137,41,0,2
BRDA:143,42,0,1
BRF:43
BRH:31
end_of_record
TN:
SF:src\lib\load-env.js
FNF:0
FNH:0
DA:1,1
DA:2,1
DA:3,1
DA:4,1
DA:5,1
DA:6,1
DA:7,1
DA:8,1
DA:9,1
DA:10,1
DA:11,1
DA:12,1
DA:13,1
DA:14,1
DA:15,1
DA:16,1
DA:17,1
DA:18,1
DA:19,1
DA:20,1
DA:21,1
DA:22,1
DA:23,1
DA:24,1
DA:25,1
LF:25
LH:25
BRDA:17,0,0,1
BRDA:15,1,0,36
BRF:2
BRH:2
end_of_record
TN:
SF:src\lib\perf-context.js
FN:29,getPerfContext
FN:40,runWithPerfContext
FN:48,createPerfContext
FNF:3
FNH:3
FNDA:20,getPerfContext
FNDA:3,runWithPerfContext
FNDA:4,createPerfContext
DA:1,1
DA:2,1
DA:3,1
DA:4,1
DA:5,1
DA:6,1
DA:7,1
DA:8,1
DA:9,1
DA:10,1
DA:11,1
DA:12,1
DA:13,1
DA:14,1
DA:15,1
DA:16,1
DA:17,1
DA:18,1
DA:19,1
DA:20,1
DA:21,1
DA:22,1
DA:23,1
DA:24,1
DA:25,1
DA:26,1
DA:27,1
DA:28,1
DA:29,20
DA:30,20
DA:31,20
DA:32,1
DA:33,1
DA:34,1
DA:35,1
DA:36,1
DA:37,1
DA:38,1
DA:39,1
DA:40,3
DA:41,3
DA:42,3
DA:43,1
DA:44,1
DA:45,1
DA:46,1
DA:47,1
DA:48,4
DA:49,4
DA:50,4
DA:51,4
DA:52,4
DA:53,4
DA:54,4
DA:55,4
DA:56,4
DA:57,4
DA:58,1
DA:59,1
LF:59
LH:59
BRDA:29,0,0,20
BRDA:30,1,0,17
BRDA:40,2,0,3
BRDA:48,3,0,4
BRF:4
BRH:4
end_of_record
TN:
SF:src\lib\prisma.js
FN:43,startKeepAlive
FN:84,$allOperations
FN:128,$allOperations
FNF:3
FNH:2
FNDA:12,startKeepAlive
FNDA:1,$allOperations
FNDA:0,$allOperations
DA:1,1
DA:2,1
DA:3,1
DA:4,1
DA:5,1
DA:6,1
DA:7,1
DA:8,1
DA:9,1
DA:10,1
DA:11,1
DA:12,1
DA:13,12
DA:14,12
DA:15,12
DA:16,12
DA:17,12
DA:18,12
DA:19,12
DA:20,1
DA:21,1
DA:22,1
DA:23,1
DA:24,1
DA:25,1
DA:26,1
DA:27,1
DA:28,1
DA:29,1
DA:30,1
DA:31,1
DA:32,1
DA:33,0
DA:34,1
DA:35,1
DA:36,1
DA:37,1
DA:38,1
DA:39,1
DA:40,1
DA:41,1
DA:42,1
DA:43,12
DA:44,12
DA:45,12
DA:46,2
DA:47,2
DA:48,2
DA:49,0
DA:50,0
DA:51,0
DA:52,12
DA:53,12
DA:54,12
DA:55,12
DA:56,12
DA:57,1
DA:58,1
DA:59,1
DA:60,1
DA:61,1
DA:62,1
DA:63,1
DA:64,1
DA:65,1
DA:66,1
DA:67,1
DA:68,7
DA:69,7
DA:70,7
DA:71,7
DA:72,0
DA:73,7
DA:74,1
DA:75,1
DA:76,1
DA:77,1
DA:78,1
DA:79,1
DA:80,1
DA:81,1
DA:82,1
DA:83,1
DA:84,1
DA:85,1
DA:86,1
DA:87,1
DA:88,1
DA:89,1
DA:90,1
DA:91,1
DA:92,1
DA:93,1
DA:94,1
DA:95,1
DA:96,1
DA:97,0
DA:98,0
DA:99,1
DA:100,1
DA:101,1
DA:102,1
DA:103,1
DA:104,0
DA:105,0
DA:106,0
DA:107,0
DA:108,0
DA:109,0
DA:110,1
DA:111,1
DA:112,1
DA:113,1
DA:114,1
DA:115,1
DA:116,1
DA:117,1
DA:118,1
DA:119,1
DA:120,1
DA:121,0
DA:122,0
DA:123,0
DA:124,0
DA:125,0
DA:126,0
DA:127,0
DA:128,0
DA:129,0
DA:130,0
DA:131,0
DA:132,0
DA:133,0
DA:134,0
DA:135,0
DA:136,0
DA:137,0
DA:138,0
DA:139,0
DA:140,0
DA:141,0
DA:142,0
DA:143,0
DA:144,0
DA:145,1
DA:146,1
DA:147,1
DA:148,1
DA:149,1
DA:150,1
LF:150
LH:113
BRDA:8,0,0,12
BRDA:9,1,0,1
BRDA:13,2,0,12
BRDA:20,3,0,2
BRDA:67,4,0,7
BRDA:72,5,0,0
BRDA:79,6,0,12
BRDA:120,7,0,0
BRDA:43,8,0,12
BRDA:44,9,0,0
BRDA:45,10,0,2
BRDA:48,11,0,0
BRDA:84,12,0,1
BRDA:96,13,0,0
BRDA:103,14,0,0
BRF:15
BRH:9
end_of_record
TN:
SF:src\lib\redis.js
FN:37,get
FN:39,set
FN:46,setex
FN:47,del
FN:56,sadd
FN:63,smembers
FN:67,incr
FN:72,hset
FN:77,hgetall
FN:81,expire
FN:83,call
FNF:11
FNH:7
FNDA:6,get
FNDA:5,set
FNDA:2,setex
FNDA:4,del
FNDA:3,sadd
FNDA:2,smembers
FNDA:2,incr
FNDA:0,hset
FNDA:0,hgetall
FNDA:0,expire
FNDA:0,call
DA:1,1
DA:2,1
DA:3,1
DA:4,1
DA:5,1
DA:6,4
DA:7,4
DA:8,4
DA:9,4
DA:10,4
DA:11,4
DA:12,4
DA:13,4
DA:14,4
DA:15,4
DA:16,4
DA:17,4
DA:18,0
DA:19,4
DA:20,4
DA:21,4
DA:22,0
DA:23,4
DA:24,1
DA:25,12
DA:26,1
DA:27,1
DA:28,11
DA:29,11
DA:30,11
DA:31,11
DA:32,11
DA:33,11
DA:34,11
DA:35,11
DA:36,11
DA:37,11
DA:38,11
DA:39,11
DA:40,5
DA:41,5
DA:42,5
DA:43,4
DA:44,4
DA:45,11
DA:46,11
DA:47,11
DA:48,4
DA:49,4
DA:50,9
DA:51,9
DA:52,9
DA:53,9
DA:54,4
DA:55,11
DA:56,11
DA:57,3
DA:58,3
DA:59,3
DA:60,3
DA:61,3
DA:62,11
DA:63,11
DA:64,2
DA:65,2
DA:66,11
DA:67,11
DA:68,2
DA:69,2
DA:70,2
DA:71,11
DA:72,11
DA:73,0
DA:74,0
DA:75,0
DA:76,11
DA:77,11
DA:78,0
DA:79,0
DA:80,11
DA:81,11
DA:82,11
DA:83,11
DA:84,11
DA:85,11
DA:86,1
DA:87,1
LF:87
LH:80
BRDA:5,0,0,4
BRDA:24,1,0,12
BRDA:25,2,0,1
BRDA:27,3,0,11
BRDA:37,4,0,6
BRDA:37,5,0,3
BRDA:39,6,0,5
BRDA:42,7,0,2
BRDA:42,8,0,4
BRDA:42,9,0,1
BRDA:40,10,0,6
BRDA:46,11,0,2
BRDA:47,12,0,4
BRDA:49,13,0,9
BRDA:50,14,0,3
BRDA:56,15,0,3
BRDA:57,16,0,2
BRDA:60,17,0,5
BRDA:60,18,0,4
BRDA:63,19,0,2
BRDA:65,20,0,1
BRDA:65,21,0,1
BRDA:67,22,0,2
BRDA:68,23,0,1
BRF:24
BRH:24
end_of_record
TN:
SF:src\middleware\csrf.js
FN:8,issueCsrfToken
FN:19,csrfGuard
FNF:2
FNH:0
FNDA:0,issueCsrfToken
FNDA:0,csrfGuard
DA:1,1
DA:2,1
DA:3,1
DA:4,1
DA:5,1
DA:6,1
DA:7,1
DA:8,0
DA:9,0
DA:10,0
DA:11,0
DA:12,0
DA:13,0
DA:14,0
DA:15,0
DA:16,0
DA:17,0
DA:18,1
DA:19,0
DA:20,0
DA:21,0
DA:22,0
DA:23,0
DA:24,0
DA:25,0
DA:26,0
DA:27,0
DA:28,0
DA:29,0
DA:30,0
DA:31,0
DA:32,0
DA:33,0
DA:34,0
DA:35,0
DA:36,0
DA:37,0
DA:38,0
DA:39,0
DA:40,0
DA:41,0
DA:42,0
DA:43,0
DA:44,0
DA:45,1
DA:46,1
DA:47,1
DA:48,1
DA:49,1
DA:50,1
DA:51,1
LF:51
LH:15
BRF:0
BRH:0
end_of_record
TN:
SF:src\middleware\roles.js
FN:13,allowRole
FN:17,requireStudent
FN:24,requireStaff
FN:32,requireAdmin
FN:39,requireInstructor
FN:46,requireExamCreator
FNF:6
FNH:0
FNDA:0,allowRole
FNDA:0,requireStudent
FNDA:0,requireStaff
FNDA:0,requireAdmin
FNDA:0,requireInstructor
FNDA:0,requireExamCreator
DA:1,1
DA:2,1
DA:3,1
DA:4,1
DA:5,1
DA:6,1
DA:7,1
DA:8,1
DA:9,1
DA:10,1
DA:11,1
DA:12,1
DA:13,0
DA:14,0
DA:15,0
DA:16,1
DA:17,0
DA:18,0
DA:19,0
DA:20,0
DA:21,0
DA:22,0
DA:23,1
DA:24,0
DA:25,0
DA:26,0
DA:27,0
DA:28,0
DA:29,0
DA:30,0
DA:31,1
DA:32,0
DA:33,0
DA:34,0
DA:35,0
DA:36,0
DA:37,0
DA:38,1
DA:39,0
DA:40,0
DA:41,0
DA:42,0
DA:43,0
DA:44,0
DA:45,1
DA:46,0
DA:47,0
DA:48,0
DA:49,0
DA:50,0
DA:51,0
DA:52,0
DA:53,0
DA:54,0
DA:55,0
DA:56,0
DA:57,0
DA:58,1
DA:59,1
DA:60,1
DA:61,1
DA:62,1
DA:63,1
DA:64,1
DA:65,1
DA:66,1
DA:67,1
DA:68,1
LF:68
LH:28
BRF:0
BRH:0
end_of_record
TN:
SF:src\services\admin.service.js
FN:22,getStats
FN:168,importUsers
FN:172,errors
FN:175,mapHeaders
FN:176,mapValues
FN:280,resolveAssignmentTargets
FN:341,processBulkAssignJob
FN:419,overrideResult
FNF:8
FNH:8
FNDA:2,getStats
FNDA:2,importUsers
FNDA:2,errors
FNDA:3,mapHeaders
FNDA:9,mapValues
FNDA:3,resolveAssignmentTargets
FNDA:1,processBulkAssignJob
FNDA:1,overrideResult
DA:1,1
DA:2,1
DA:3,1
DA:4,1
DA:5,1
DA:6,1
DA:7,1
DA:8,1
DA:9,1
DA:10,1
DA:11,1
DA:12,1
DA:13,1
DA:14,1
DA:15,1
DA:16,1
DA:17,1
DA:18,1
DA:19,1
DA:20,1
DA:21,1
DA:22,2
DA:23,2
DA:24,2
DA:25,2
DA:26,1
DA:27,1
DA:28,1
DA:29,1
DA:30,2
DA:31,2
DA:32,2
DA:33,2
DA:34,2
DA:35,2
DA:36,2
DA:37,2
DA:38,0
DA:39,2
DA:40,2
DA:41,2
DA:42,2
DA:43,2
DA:44,2
DA:45,2
DA:46,2
DA:47,2
DA:48,2
DA:49,2
DA:50,2
DA:51,2
DA:52,2
DA:53,2
DA:54,2
DA:55,2
DA:56,2
DA:57,2
DA:58,2
DA:59,2
DA:60,2
DA:61,2
DA:62,2
DA:63,2
DA:64,2
DA:65,2
DA:66,2
DA:67,2
DA:68,2
DA:69,2
DA:70,2
DA:71,2
DA:72,2
DA:73,1
DA:74,1
DA:75,1
DA:76,1
DA:77,1
DA:78,1
DA:79,1
DA:80,1
DA:81,1
DA:82,1
DA:83,1
DA:84,1
DA:85,1
DA:86,2
DA:87,0
DA:88,0
DA:89,0
DA:90,0
DA:91,0
DA:92,0
DA:93,0
DA:94,0
DA:95,0
DA:96,0
DA:97,0
DA:98,0
DA:99,0
DA:100,0
DA:101,0
DA:102,0
DA:103,0
DA:104,0
DA:105,0
DA:106,0
DA:107,0
DA:108,0
DA:109,0
DA:110,0
DA:111,0
DA:112,0
DA:113,0
DA:114,0
DA:115,0
DA:116,0
DA:117,0
DA:118,0
DA:119,0
DA:120,0
DA:121,0
DA:122,0
DA:123,0
DA:124,0
DA:125,0
DA:126,0
DA:127,0
DA:128,0
DA:129,0
DA:130,0
DA:131,0
DA:132,0
DA:133,0
DA:134,0
DA:135,0
DA:136,1
DA:137,1
DA:138,1
DA:139,1
DA:140,1
DA:141,1
DA:142,1
DA:143,1
DA:144,2
DA:145,2
DA:146,0
DA:147,0
DA:148,0
DA:149,0
DA:150,2
DA:151,2
DA:152,0
DA:153,0
DA:154,0
DA:155,0
DA:156,0
DA:157,0
DA:158,0
DA:159,2
DA:160,2
DA:161,2
DA:162,2
DA:163,2
DA:164,1
DA:165,1
DA:166,1
DA:167,1
DA:168,2
DA:169,2
DA:170,2
DA:171,2
DA:172,2
DA:173,2
DA:174,2
DA:175,2
DA:176,2
DA:177,2
DA:178,2
DA:179,2
DA:180,2
DA:181,2
DA:182,2
DA:183,2
DA:184,1
DA:185,1
DA:186,1
DA:187,1
DA:188,1
DA:189,1
DA:190,1
DA:191,1
DA:192,1
DA:193,2
DA:194,3
DA:195,3
DA:196,3
DA:197,3
DA:198,3
DA:199,1
DA:200,1
DA:201,1
DA:202,1
DA:203,2
DA:204,1
DA:205,1
DA:206,1
DA:207,1
DA:208,1
DA:209,1
DA:210,2
DA:211,2
DA:212,2
DA:213,2
DA:214,2
DA:215,2
DA:216,2
DA:217,2
DA:218,2
DA:219,1
DA:220,1
DA:221,1
DA:222,2
DA:223,3
DA:224,3
DA:225,3
DA:226,3
DA:227,3
DA:228,3
DA:229,3
DA:230,3
DA:231,3
DA:232,3
DA:233,3
DA:234,3
DA:235,3
DA:236,3
DA:237,3
DA:238,3
DA:239,0
DA:240,0
DA:241,0
DA:242,0
DA:243,0
DA:244,0
DA:245,3
DA:246,0
DA:247,0
DA:248,0
DA:249,0
DA:250,3
DA:251,0
DA:252,0
DA:253,0
DA:254,0
DA:255,0
DA:256,0
DA:257,1
DA:258,2
DA:259,0
DA:260,0
DA:261,0
DA:262,0
DA:263,0
DA:264,0
DA:265,0
DA:266,0
DA:267,0
DA:268,0
DA:269,0
DA:270,0
DA:271,0
DA:272,0
DA:273,0
DA:274,0
DA:275,0
DA:276,1
DA:277,1
DA:278,1
DA:279,1
DA:280,3
DA:281,3
DA:282,1
DA:283,1
DA:284,2
DA:285,2
DA:286,2
DA:287,2
DA:288,2
DA:289,2
DA:290,3
DA:291,1
DA:292,1
DA:293,1
DA:294,3
DA:295,0
DA:296,0
DA:297,1
DA:298,1
DA:299,1
DA:300,1
DA:301,3
DA:302,0
DA:303,0
DA:304,0
DA:305,0
DA:306,0
DA:307,0
DA:308,0
DA:309,0
DA:310,0
DA:311,0
DA:312,1
DA:313,3
DA:314,1
DA:315,1
DA:316,1
DA:317,1
DA:318,1
DA:319,3
DA:320,0
DA:321,0
DA:322,0
DA:323,0
DA:324,0
DA:325,0
DA:326,0
DA:327,0
DA:328,0
DA:329,0
DA:330,0
DA:331,0
DA:332,0
DA:333,1
DA:334,3
DA:335,0
DA:336,0
DA:337,1
DA:338,1
DA:339,1
DA:340,1
DA:341,1
DA:342,1
DA:343,1
DA:344,1
DA:345,1
DA:346,0
DA:347,0
DA:348,1
DA:349,1
DA:350,1
DA:351,1
DA:352,1
DA:353,1
DA:354,1
DA:355,1
DA:356,1
DA:357,1
DA:358,1
DA:359,1
DA:360,1
DA:361,1
DA:362,1
DA:363,1
DA:364,1
DA:365,1
DA:366,1
DA:367,1
DA:368,1
DA:369,1
DA:370,1
DA:371,1
DA:372,1
DA:373,1
DA:374,1
DA:375,1
DA:376,1
DA:377,1
DA:378,1
DA:379,1
DA:380,1
DA:381,1
DA:382,2
DA:383,2
DA:384,2
DA:385,1
DA:386,1
DA:387,1
DA:388,1
DA:389,1
DA:390,0
DA:391,0
DA:392,0
DA:393,0
DA:394,0
DA:395,0
DA:396,0
DA:397,0
DA:398,0
DA:399,0
DA:400,1
DA:401,1
DA:402,1
DA:403,1
DA:404,1
DA:405,1
DA:406,1
DA:407,1
DA:408,1
DA:409,1
DA:410,1
DA:411,1
DA:412,1
DA:413,1
DA:414,1
DA:415,1
DA:416,1
DA:417,1
DA:418,1
DA:419,1
DA:420,1
DA:421,1
DA:422,1
DA:423,1
DA:424,1
DA:425,1
DA:426,1
DA:427,1
DA:428,1
DA:429,1
DA:430,1
DA:431,1
DA:432,1
DA:433,1
DA:434,1
DA:435,1
DA:436,1
DA:437,1
DA:438,1
DA:439,1
DA:440,1
DA:441,1
DA:442,1
DA:443,1
DA:444,1
DA:445,1
DA:446,1
DA:447,1
DA:448,1
DA:449,1
DA:450,1
DA:451,1
DA:452,1
DA:453,1
LF:453
LH:320
BRDA:22,0,0,2
BRDA:23,1,0,0
BRDA:23,2,0,0
BRDA:25,3,0,1
BRDA:31,4,0,0
BRDA:31,5,0,1
BRDA:37,6,0,0
BRDA:37,7,0,0
BRDA:39,8,0,1
BRDA:72,9,0,1
BRDA:86,10,0,0
BRDA:135,11,0,1
BRDA:144,12,0,0
BRDA:163,13,0,1
BRDA:168,14,0,2
BRDA:183,15,0,1
BRDA:193,16,0,3
BRDA:194,17,0,0
BRDA:197,18,0,0
BRDA:198,19,0,1
BRDA:203,20,0,0
BRDA:203,21,0,1
BRDA:210,22,0,0
BRDA:218,23,0,1
BRDA:222,24,0,3
BRDA:225,25,0,0
BRDA:225,26,0,0
BRDA:226,27,0,0
BRDA:227,28,0,0
BRDA:227,29,0,0
BRDA:227,30,0,0
BRDA:228,31,0,0
BRDA:238,32,0,0
BRDA:245,33,0,0
BRDA:250,34,0,0
BRDA:256,35,0,1
BRDA:258,36,0,0
BRDA:275,37,0,1
BRDA:172,38,0,2
BRDA:175,39,0,3
BRDA:176,40,0,9
BRDA:178,41,0,3
BRDA:212,42,0,1
BRDA:219,43,0,1
BRDA:280,44,0,3
BRDA:281,45,0,1
BRDA:283,46,0,2
BRDA:290,47,0,1
BRDA:294,48,0,0
BRDA:296,49,0,1
BRDA:301,50,0,0
BRDA:311,51,0,1
BRDA:313,52,0,1
BRDA:313,53,0,1
BRDA:315,54,0,0
BRDA:319,55,0,0
BRDA:332,56,0,1
BRDA:334,57,0,0
BRDA:336,58,0,1
BRDA:314,59,0,2
BRDA:318,60,0,2
BRDA:341,61,0,1
BRDA:345,62,0,0
BRDA:389,63,0,0
BRDA:412,64,0,0
BRDA:367,65,0,2
BRDA:371,66,0,2
BRDA:381,67,0,2
BRDA:411,68,0,2
BRDA:419,69,0,1
BRF:70
BRH:40
end_of_record
TN:
SF:src\services\analytics.service.js
FN:7,getExamAnalytics
FNF:1
FNH:1
FNDA:5,getExamAnalytics
DA:1,1
DA:2,1
DA:3,1
DA:4,1
DA:5,1
DA:6,1
DA:7,5
DA:8,5
DA:9,5
DA:10,5
DA:11,5
DA:12,5
DA:13,4
DA:14,4
DA:15,4
DA:16,4
DA:17,4
DA:18,4
DA:19,4
DA:20,4
DA:21,4
DA:22,5
DA:23,2
DA:24,2
DA:25,2
DA:26,2
DA:27,2
DA:28,2
DA:29,2
DA:30,2
DA:31,2
DA:32,2
DA:33,2
DA:34,2
DA:35,2
DA:36,2
DA:37,2
DA:38,2
DA:39,2
DA:40,2
DA:41,2
DA:42,2
DA:43,2
DA:44,2
DA:45,5
DA:46,1
DA:47,1
DA:48,1
DA:49,1
DA:50,1
DA:51,1
DA:52,1
DA:53,1
DA:54,1
DA:55,1
DA:56,1
DA:57,1
DA:58,1
DA:59,1
DA:60,2
DA:61,2
DA:62,2
DA:63,2
DA:64,2
DA:65,2
DA:66,1
DA:67,1
DA:68,1
DA:69,10
DA:70,10
DA:71,1
DA:72,1
DA:73,1
DA:74,1
DA:75,2
DA:76,2
DA:77,2
DA:78,2
DA:79,2
DA:80,2
DA:81,2
DA:82,2
DA:83,2
DA:84,1
DA:85,1
DA:86,1
DA:87,2
DA:88,2
DA:89,2
DA:90,4
DA:91,4
DA:92,4
DA:93,4
DA:94,4
DA:95,4
DA:96,4
DA:97,3
DA:98,3
DA:99,4
DA:100,2
DA:101,1
DA:102,1
DA:103,1
DA:104,1
DA:105,1
DA:106,1
DA:107,2
DA:108,2
DA:109,2
DA:110,2
DA:111,2
DA:112,2
DA:113,2
DA:114,2
DA:115,2
DA:116,2
DA:117,2
DA:118,2
DA:119,2
DA:120,2
DA:121,2
DA:122,2
DA:123,2
DA:124,1
DA:125,1
DA:126,1
DA:127,2
DA:128,2
DA:129,2
DA:130,1
DA:131,1
DA:132,1
DA:133,5
DA:134,5
DA:135,5
DA:136,5
DA:137,5
DA:138,5
DA:139,5
DA:140,5
DA:141,5
DA:142,5
DA:143,5
DA:144,1
DA:145,1
DA:146,1
DA:147,1
DA:148,1
DA:149,1
DA:150,1
DA:151,1
DA:152,1
DA:153,1
DA:154,5
DA:155,5
DA:156,5
DA:157,5
DA:158,5
DA:159,5
DA:160,5
DA:161,5
DA:162,5
DA:163,5
DA:164,5
DA:165,5
DA:166,5
DA:167,5
DA:168,5
DA:169,5
DA:170,1
DA:171,1
DA:172,1
DA:173,1
LF:173
LH:173
BRDA:7,0,0,5
BRDA:12,1,0,1
BRDA:12,2,0,4
BRDA:22,3,0,2
BRDA:45,4,0,1
BRDA:133,5,0,0
BRDA:143,6,0,1
BRDA:154,7,0,0
BRDA:155,8,0,0
BRDA:156,9,0,0
BRDA:42,10,0,4
BRDA:42,11,0,2
BRDA:42,12,0,0
BRDA:59,13,0,2
BRDA:61,14,0,0
BRDA:62,15,0,0
BRDA:64,16,0,1
BRDA:68,17,0,10
BRDA:74,18,0,2
BRDA:78,19,0,0
BRDA:80,20,0,0
BRDA:86,21,0,2
BRDA:87,22,0,1
BRDA:87,23,0,1
BRDA:87,24,0,0
BRDA:89,25,0,4
BRDA:96,26,0,3
BRDA:106,27,0,2
BRDA:107,28,0,0
BRDA:126,29,0,2
BRDA:145,30,0,1
BRDA:162,31,0,1
BRF:32
BRH:21
end_of_record
TN:
SF:src\services\anti-cheat.service.js
FN:10,parsePositiveInt
FN:22,autoSubmitOnViolation
FN:86,reportViolation
FN:153,heartbeat
FN:188,listFlagsByExam
FNF:5
FNH:5
FNDA:6,parsePositiveInt
FNDA:1,autoSubmitOnViolation
FNDA:4,reportViolation
FNDA:1,heartbeat
FNDA:1,listFlagsByExam
DA:1,1
DA:2,1
DA:3,1
DA:4,1
DA:5,1
DA:6,1
DA:7,1
DA:8,1
DA:9,1
DA:10,6
DA:11,6
DA:12,6
DA:13,0
DA:14,0
DA:15,6
DA:16,6
DA:17,1
DA:18,1
DA:19,1
DA:20,1
DA:21,1
DA:22,1
DA:23,1
DA:24,1
DA:25,1
DA:26,1
DA:27,1
DA:28,1
DA:29,1
DA:30,1
DA:31,1
DA:32,1
DA:33,1
DA:34,1
DA:35,1
DA:36,1
DA:37,1
DA:38,1
DA:39,1
DA:40,1
DA:41,1
DA:42,1
DA:43,1
DA:44,1
DA:45,1
DA:46,1
DA:47,1
DA:48,1
DA:49,1
DA:50,1
DA:51,1
DA:52,1
DA:53,1
DA:54,1
DA:55,1
DA:56,1
DA:57,1
DA:58,1
DA:59,1
DA:60,1
DA:61,1
DA:62,1
DA:63,1
DA:64,1
DA:65,1
DA:66,1
DA:67,1
DA:68,1
DA:69,1
DA:70,1
DA:71,1
DA:72,1
DA:73,1
DA:74,1
DA:75,1
DA:76,1
DA:77,1
DA:78,0
DA:79,1
DA:80,1
DA:81,0
DA:82,0
DA:83,0
DA:84,1
DA:85,1
DA:86,4
DA:87,4
DA:88,4
DA:89,4
DA:90,4
DA:91,4
DA:92,4
DA:93,4
DA:94,1
DA:95,1
DA:96,3
DA:97,3
DA:98,3
DA:99,3
DA:100,3
DA:101,3
DA:102,3
DA:103,3
DA:104,4
DA:105,4
DA:106,4
DA:107,4
DA:108,4
DA:109,4
DA:110,4
DA:111,4
DA:112,4
DA:113,4
DA:114,4
DA:115,4
DA:116,3
DA:117,3
DA:118,3
DA:119,3
DA:120,3
DA:121,3
DA:122,4
DA:123,2
DA:124,2
DA:125,2
DA:126,2
DA:127,2
DA:128,2
DA:129,2
DA:130,2
DA:131,2
DA:132,2
DA:133,2
DA:134,2
DA:135,2
DA:136,2
DA:137,2
DA:138,2
DA:139,2
DA:140,3
DA:141,4
DA:142,4
DA:143,4
DA:144,4
DA:145,4
DA:146,4
DA:147,1
DA:148,1
DA:149,3
DA:150,3
DA:151,3
DA:152,1
DA:153,1
DA:154,1
DA:155,1
DA:156,1
DA:157,1
DA:158,1
DA:159,1
DA:160,1
DA:161,1
DA:162,1
DA:163,1
DA:164,1
DA:165,1
DA:166,1
DA:167,1
DA:168,1
DA:169,1
DA:170,1
DA:171,1
DA:172,1
DA:173,1
DA:174,1
DA:175,1
DA:176,1
DA:177,1
DA:178,1
DA:179,1
DA:180,1
DA:181,1
DA:182,1
DA:183,1
DA:184,1
DA:185,1
DA:186,1
DA:187,1
DA:188,1
DA:189,1
DA:190,1
DA:191,1
DA:192,1
DA:193,1
DA:194,1
DA:195,1
DA:196,1
DA:197,1
DA:198,1
DA:199,1
DA:200,1
DA:201,1
DA:202,1
DA:203,1
DA:204,1
DA:205,1
DA:206,1
LF:206
LH:200
BRDA:10,0,0,6
BRDA:12,1,0,0
BRDA:22,2,0,1
BRDA:29,3,0,0
BRDA:36,4,0,0
BRDA:41,5,0,0
BRDA:80,6,0,0
BRDA:44,7,0,1
BRDA:46,8,0,0
BRDA:86,9,0,4
BRDA:88,10,0,1
BRDA:93,11,0,1
BRDA:95,12,0,3
BRDA:104,13,0,0
BRDA:113,14,0,0
BRDA:113,15,0,3
BRDA:115,16,0,3
BRDA:122,17,0,2
BRDA:122,18,0,2
BRDA:138,19,0,0
BRDA:139,20,0,3
BRDA:141,21,0,2
BRDA:146,22,0,1
BRDA:148,23,0,3
BRDA:153,24,0,1
BRDA:157,25,0,0
BRDA:188,26,0,1
BRF:27
BRH:17
end_of_record
TN:
SF:src\services\audit-log.service.js
FN:4,recordAudit
FN:40,listAuditLogs
FNF:2
FNH:2
FNDA:3,recordAudit
FNDA:3,listAuditLogs
DA:1,1
DA:2,1
DA:3,1
DA:4,3
DA:5,3
DA:6,3
DA:7,3
DA:8,3
DA:9,3
DA:10,3
DA:11,3
DA:12,3
DA:13,3
DA:14,3
DA:15,3
DA:16,3
DA:17,3
DA:18,3
DA:19,3
DA:20,3
DA:21,3
DA:22,3
DA:23,3
DA:24,3
DA:25,3
DA:26,3
DA:27,3
DA:28,3
DA:29,3
DA:30,3
DA:31,1
DA:32,1
DA:33,1
DA:34,1
DA:35,1
DA:36,1
DA:37,3
DA:38,3
DA:39,1
DA:40,3
DA:41,3
DA:42,3
DA:43,3
DA:44,3
DA:45,1
DA:46,3
DA:47,3
DA:48,3
DA:49,3
DA:50,3
DA:51,3
DA:52,3
DA:53,3
DA:54,3
DA:55,3
DA:56,3
DA:57,3
DA:58,3
DA:59,3
DA:60,3
DA:61,3
DA:62,1
DA:63,1
DA:64,1
DA:65,1
DA:66,1
LF:66
LH:66
BRDA:4,0,0,3
BRDA:5,1,0,1
BRDA:8,2,0,2
BRDA:8,3,0,1
BRDA:9,4,0,2
BRDA:9,5,0,2
BRDA:9,6,0,1
BRDA:10,7,0,2
BRDA:10,8,0,0
BRDA:10,9,0,0
BRDA:10,10,0,1
BRDA:11,11,0,2
BRDA:11,12,0,2
BRDA:11,13,0,1
BRDA:12,14,0,2
BRDA:12,15,0,2
BRDA:12,16,0,1
BRDA:13,17,0,2
BRDA:13,18,0,2
BRDA:13,19,0,1
BRDA:19,20,0,1
BRDA:20,21,0,2
BRDA:20,22,0,1
BRDA:21,23,0,1
BRDA:21,24,0,2
BRDA:24,25,0,2
BRDA:24,26,0,1
BRDA:28,27,0,1
BRDA:30,28,0,1
BRDA:40,29,0,3
BRDA:43,30,0,2
BRDA:43,31,0,2
BRDA:43,32,0,1
BRDA:44,33,0,1
BRDA:45,34,0,1
BRDA:46,35,0,2
BRDA:50,36,0,1
BRDA:50,37,0,2
BRF:38
BRH:36
end_of_record
TN:
SF:src\services\auth.service.js
FN:18,sha256
FN:23,buildPasswordResetLink
FN:36,sanitizeUser
FN:54,issueSessionTokens
FN:89,loginStudent
FN:117,loginStaff
FN:147,getMe
FN:176,refreshSession
FN:195,refreshSessionWithToken
FN:227,registerStudent
FN:277,logoutWithRefreshToken
FN:293,logoutAllForUser
FN:305,requestPasswordReset
FN:423,resetPassword
FN:469,verifyPasswordResetToken
FN:503,changePassword
FNF:16
FNH:14
FNDA:11,sha256
FNDA:1,buildPasswordResetLink
FNDA:5,sanitizeUser
FNDA:4,issueSessionTokens
FNDA:4,loginStudent
FNDA:1,loginStaff
FNDA:2,getMe
FNDA:0,refreshSession
FNDA:3,refreshSessionWithToken
FNDA:2,registerStudent
FNDA:1,logoutWithRefreshToken
FNDA:1,logoutAllForUser
FNDA:1,requestPasswordReset
FNDA:2,resetPassword
FNDA:0,verifyPasswordResetToken
FNDA:2,changePassword
DA:1,1
DA:2,1
DA:3,1
DA:4,1
DA:5,1
DA:6,1
DA:7,1
DA:8,1
DA:9,1
DA:10,1
DA:11,1
DA:12,1
DA:13,1
DA:14,1
DA:15,1
DA:16,1
DA:17,1
DA:18,11
DA:19,11
DA:20,11
DA:21,1
DA:22,1
DA:23,1
DA:24,1
DA:25,1
DA:26,1
DA:27,0
DA:28,0
DA:29,1
DA:30,0
DA:31,0
DA:32,1
DA:33,1
DA:34,1
DA:35,1
DA:36,5
DA:37,5
DA:38,5
DA:39,5
DA:40,5
DA:41,5
DA:42,5
DA:43,5
DA:44,5
DA:45,5
DA:46,5
DA:47,5
DA:48,5
DA:49,5
DA:50,5
DA:51,5
DA:52,5
DA:53,1
DA:54,4
DA:55,4
DA:56,4
DA:57,4
DA:58,4
DA:59,4
DA:60,4
DA:61,4
DA:62,4
DA:63,1
DA:64,1
DA:65,1
DA:66,1
DA:67,1
DA:68,1
DA:69,1
DA:70,1
DA:71,4
DA:72,4
DA:73,4
DA:74,4
DA:75,4
DA:76,4
DA:77,4
DA:78,4
DA:79,4
DA:80,4
DA:81,4
DA:82,4
DA:83,4
DA:84,4
DA:85,4
DA:86,1
DA:87,1
DA:88,1
DA:89,4
DA:90,4
DA:91,0
DA:92,0
DA:93,4
DA:94,4
DA:95,4
DA:96,4
DA:97,4
DA:98,4
DA:99,4
DA:100,4
DA:101,4
DA:102,4
DA:103,1
DA:104,1
DA:105,4
DA:106,1
DA:107,1
DA:108,2
DA:109,2
DA:110,4
DA:111,1
DA:112,1
DA:113,1
DA:114,1
DA:115,1
DA:116,1
DA:117,1
DA:118,1
DA:119,0
DA:120,0
DA:121,1
DA:122,1
DA:123,1
DA:124,1
DA:125,1
DA:126,1
DA:127,1
DA:128,1
DA:129,1
DA:130,1
DA:131,1
DA:132,1
DA:133,0
DA:134,0
DA:135,1
DA:136,0
DA:137,0
DA:138,1
DA:139,1
DA:140,1
DA:141,0
DA:142,0
DA:143,1
DA:144,1
DA:145,1
DA:146,1
DA:147,2
DA:148,2
DA:149,2
DA:150,0
DA:151,0
DA:152,2
DA:153,2
DA:154,2
DA:155,2
DA:156,2
DA:157,2
DA:158,2
DA:159,1
DA:160,1
DA:161,1
DA:162,1
DA:163,1
DA:164,2
DA:165,0
DA:166,0
DA:167,2
DA:168,0
DA:169,0
DA:170,1
DA:171,1
DA:172,1
DA:173,1
DA:174,1
DA:175,1
DA:176,0
DA:177,0
DA:178,0
DA:179,0
DA:180,0
DA:181,0
DA:182,0
DA:183,0
DA:184,0
DA:185,0
DA:186,0
DA:187,0
DA:188,0
DA:189,0
DA:190,0
DA:191,0
DA:192,0
DA:193,0
DA:194,1
DA:195,3
DA:196,3
DA:197,3
DA:198,0
DA:199,0
DA:200,3
DA:201,3
DA:202,3
DA:203,3
DA:204,3
DA:205,3
DA:206,3
DA:207,3
DA:208,1
DA:209,1
DA:210,3
DA:211,0
DA:212,0
DA:213,3
DA:214,0
DA:215,0
DA:216,0
DA:217,0
DA:218,0
DA:219,0
DA:220,3
DA:221,1
DA:222,1
DA:223,1
DA:224,1
DA:225,1
DA:226,1
DA:227,2
DA:228,2
DA:229,2
DA:230,2
DA:231,2
DA:232,2
DA:233,2
DA:234,2
DA:235,2
DA:236,2
DA:237,2
DA:238,2
DA:239,2
DA:240,0
DA:241,0
DA:242,2
DA:243,0
DA:244,0
DA:245,2
DA:246,2
DA:247,2
DA:248,2
DA:249,2
DA:250,2
DA:251,2
DA:252,2
DA:253,2
DA:254,2
DA:255,1
DA:256,1
DA:257,1
DA:258,1
DA:259,1
DA:260,1
DA:261,1
DA:262,1
DA:263,1
DA:264,1
DA:265,2
DA:266,2
DA:267,2
DA:268,2
DA:269,2
DA:270,2
DA:271,2
DA:272,2
DA:273,2
DA:274,1
DA:275,1
DA:276,1
DA:277,1
DA:278,1
DA:279,1
DA:280,0
DA:281,0
DA:282,1
DA:283,1
DA:284,1
DA:285,1
DA:286,1
DA:287,1
DA:288,1
DA:289,1
DA:290,1
DA:291,1
DA:292,1
DA:293,1
DA:294,1
DA:295,1
DA:296,0
DA:297,0
DA:298,1
DA:299,1
DA:300,1
DA:301,1
DA:302,1
DA:303,1
DA:304,1
DA:305,1
DA:306,1
DA:307,1
DA:308,1
DA:309,1
DA:310,1
DA:311,1
DA:312,1
DA:313,1
DA:314,1
DA:315,1
DA:316,1
DA:317,1
DA:318,1
DA:319,0
DA:320,0
DA:321,1
DA:322,1
DA:323,1
DA:324,1
DA:325,1
DA:326,1
DA:327,1
DA:328,1
DA:329,1
DA:330,1
DA:331,1
DA:332,1
DA:333,1
DA:334,1
DA:335,1
DA:336,1
DA:337,1
DA:338,1
DA:339,1
DA:340,1
DA:341,1
DA:342,1
DA:343,1
DA:344,1
DA:345,1
DA:346,1
DA:347,1
DA:348,1
DA:349,1
DA:350,1
DA:351,1
DA:352,1
DA:353,1
DA:354,1
DA:355,1
DA:356,1
DA:357,1
DA:358,1
DA:359,1
DA:360,1
DA:361,1
DA:362,1
DA:363,1
DA:364,1
DA:365,1
DA:366,1
DA:367,1
DA:368,1
DA:369,1
DA:370,1
DA:371,1
DA:372,1
DA:373,1
DA:374,1
DA:375,1
DA:376,1
DA:377,1
DA:378,1
DA:379,1
DA:380,1
DA:381,1
DA:382,1
DA:383,1
DA:384,1
DA:385,1
DA:386,1
DA:387,1
DA:388,1
DA:389,1
DA:390,1
DA:391,1
DA:392,1
DA:393,1
DA:394,1
DA:395,1
DA:396,1
DA:397,1
DA:398,1
DA:399,1
DA:400,1
DA:401,1
DA:402,1
DA:403,1
DA:404,1
DA:405,1
DA:406,1
DA:407,1
DA:408,1
DA:409,1
DA:410,1
DA:411,1
DA:412,1
DA:413,1
DA:414,1
DA:415,1
DA:416,1
DA:417,1
DA:418,1
DA:419,1
DA:420,1
DA:421,1
DA:422,1
DA:423,2
DA:424,2
DA:425,2
DA:426,0
DA:427,0
DA:428,2
DA:429,0
DA:430,0
DA:431,2
DA:432,2
DA:433,2
DA:434,2
DA:435,2
DA:436,2
DA:437,2
DA:438,2
DA:439,2
DA:440,2
DA:441,2
DA:442,2
DA:443,2
DA:444,2
DA:445,2
DA:446,1
DA:447,1
DA:448,2
DA:449,0
DA:450,0
DA:451,2
DA:452,0
DA:453,0
DA:454,1
DA:455,1
DA:456,1
DA:457,1
DA:458,1
DA:459,1
DA:460,1
DA:461,1
DA:462,1
DA:463,1
DA:464,1
DA:465,1
DA:466,1
DA:467,1
DA:468,1
DA:469,0
DA:470,0
DA:471,0
DA:472,0
DA:473,0
DA:474,0
DA:475,0
DA:476,0
DA:477,0
DA:478,0
DA:479,0
DA:480,0
DA:481,0
DA:482,0
DA:483,0
DA:484,0
DA:485,0
DA:486,0
DA:487,0
DA:488,0
DA:489,0
DA:490,0
DA:491,0
DA:492,0
DA:493,0
DA:494,0
DA:495,0
DA:496,0
DA:497,0
DA:498,0
DA:499,0
DA:500,0
DA:501,0
DA:502,0
DA:503,2
DA:504,2
DA:505,0
DA:506,0
DA:507,2
DA:508,0
DA:509,0
DA:510,2
DA:511,2
DA:512,2
DA:513,2
DA:514,2
DA:515,2
DA:516,2
DA:517,0
DA:518,0
DA:519,2
DA:520,2
DA:521,2
DA:522,1
DA:523,1
DA:524,1
DA:525,1
DA:526,1
DA:527,1
DA:528,1
DA:529,1
DA:530,1
DA:531,1
DA:532,1
DA:533,1
DA:534,1
DA:535,1
DA:536,1
DA:537,1
DA:538,1
DA:539,1
DA:540,1
DA:541,1
DA:542,1
DA:543,1
DA:544,1
DA:545,1
DA:546,1
LF:546
LH:440
BRDA:18,0,0,11
BRDA:23,1,0,1
BRDA:25,2,0,0
BRDA:26,3,0,0
BRDA:29,4,0,0
BRDA:36,5,0,5
BRDA:47,6,0,0
BRDA:54,7,0,4
BRDA:55,8,0,1
BRDA:55,9,0,3
BRDA:61,10,0,4
BRDA:62,11,0,1
BRDA:89,12,0,4
BRDA:90,13,0,0
BRDA:102,14,0,1
BRDA:104,15,0,3
BRDA:105,16,0,1
BRDA:107,17,0,2
BRDA:110,18,0,1
BRDA:117,19,0,1
BRDA:118,20,0,0
BRDA:132,21,0,0
BRDA:135,22,0,0
BRDA:140,23,0,0
BRDA:147,24,0,2
BRDA:149,25,0,0
BRDA:158,26,0,1
BRDA:164,27,0,0
BRDA:166,28,0,1
BRDA:167,29,0,0
BRDA:169,30,0,1
BRDA:195,31,0,3
BRDA:196,32,0,0
BRDA:197,33,0,0
BRDA:207,34,0,2
BRDA:207,35,0,1
BRDA:209,36,0,2
BRDA:210,37,0,0
BRDA:212,38,0,2
BRDA:213,39,0,0
BRDA:219,40,0,2
BRDA:220,41,0,1
BRDA:227,42,0,2
BRDA:239,43,0,0
BRDA:242,44,0,0
BRDA:250,45,0,0
BRDA:254,46,0,1
BRDA:265,47,0,0
BRDA:265,48,0,1
BRDA:266,49,0,0
BRDA:266,50,0,1
BRDA:267,51,0,0
BRDA:267,52,0,1
BRDA:268,53,0,0
BRDA:268,54,0,1
BRDA:269,55,0,0
BRDA:269,56,0,1
BRDA:273,57,0,1
BRDA:277,58,0,1
BRDA:278,59,0,0
BRDA:279,60,0,0
BRDA:293,61,0,1
BRDA:295,62,0,0
BRDA:305,63,0,1
BRDA:306,64,0,0
BRDA:307,65,0,0
BRDA:314,66,0,0
BRDA:318,67,0,0
BRDA:339,68,0,0
BRDA:374,69,0,0
BRDA:423,70,0,2
BRDA:424,71,0,0
BRDA:425,72,0,0
BRDA:428,73,0,0
BRDA:445,74,0,1
BRDA:448,75,0,0
BRDA:450,76,0,1
BRDA:451,77,0,0
BRDA:453,78,0,1
BRDA:503,79,0,2
BRDA:504,80,0,0
BRDA:507,81,0,0
BRDA:516,82,0,0
BRDA:521,83,0,1
BRF:84
BRH:43
end_of_record
TN:
SF:src\services\colleges.service.js
FN:12,deriveCodePrefix
FN:20,attachCountsToColleges
FN:63,clearCollegesCache
FN:68,listColleges
FN:83,listCollegesAll
FN:97,createCollege
FN:178,updateCollege
FN:242,deactivateCollege
FNF:8
FNH:8
FNDA:1,deriveCodePrefix
FNDA:2,attachCountsToColleges
FNDA:3,clearCollegesCache
FNDA:1,listColleges
FNDA:1,listCollegesAll
FNDA:5,createCollege
FNDA:3,updateCollege
FNDA:1,deactivateCollege
DA:1,1
DA:2,1
DA:3,1
DA:4,1
DA:5,1
DA:6,1
DA:7,1
DA:8,1
DA:9,1
DA:10,1
DA:11,1
DA:12,1
DA:13,1
DA:14,1
DA:15,1
DA:16,1
DA:17,0
DA:18,0
DA:19,1
DA:20,2
DA:21,2
DA:22,2
DA:23,2
DA:24,2
DA:25,2
DA:26,2
DA:27,2
DA:28,2
DA:29,2
DA:30,2
DA:31,2
DA:32,2
DA:33,2
DA:34,2
DA:35,2
DA:36,2
DA:37,2
DA:38,3
DA:39,3
DA:40,2
DA:41,2
DA:42,3
DA:43,3
DA:44,3
DA:45,3
DA:46,3
DA:47,1
DA:48,3
DA:49,2
DA:50,2
DA:51,3
DA:52,2
DA:53,2
DA:54,5
DA:55,5
DA:56,5
DA:57,5
DA:58,5
DA:59,5
DA:60,2
DA:61,2
DA:62,1
DA:63,3
DA:64,3
DA:65,3
DA:66,3
DA:67,1
DA:68,1
DA:69,1
DA:70,1
DA:71,1
DA:72,1
DA:73,1
DA:74,1
DA:75,1
DA:76,1
DA:77,1
DA:78,1
DA:79,1
DA:80,1
DA:81,1
DA:82,1
DA:83,1
DA:84,1
DA:85,1
DA:86,1
DA:87,1
DA:88,1
DA:89,1
DA:90,1
DA:91,1
DA:92,1
DA:93,1
DA:94,1
DA:95,1
DA:96,1
DA:97,5
DA:98,5
DA:99,5
DA:100,5
DA:101,1
DA:102,1
DA:103,4
DA:104,4
DA:105,4
DA:106,5
DA:107,3
DA:108,5
DA:109,5
DA:110,5
DA:111,2
DA:112,2
DA:113,5
DA:114,1
DA:115,1
DA:116,1
DA:117,1
DA:118,1
DA:119,1
DA:120,1
DA:121,1
DA:122,1
DA:123,0
DA:124,0
DA:125,1
DA:126,2
DA:127,2
DA:128,2
DA:129,2
DA:130,2
DA:131,2
DA:132,5
DA:133,1
DA:134,1
DA:135,1
DA:136,0
DA:137,0
DA:138,0
DA:139,0
DA:140,0
DA:141,0
DA:142,0
DA:143,2
DA:144,2
DA:145,2
DA:146,2
DA:147,2
DA:148,2
DA:149,2
DA:150,2
DA:151,2
DA:152,2
DA:153,2
DA:154,2
DA:155,2
DA:156,2
DA:157,2
DA:158,2
DA:159,2
DA:160,2
DA:161,1
DA:162,1
DA:163,1
DA:164,1
DA:165,1
DA:166,1
DA:167,1
DA:168,0
DA:169,0
DA:170,2
DA:171,2
DA:172,2
DA:173,2
DA:174,2
DA:175,2
DA:176,2
DA:177,1
DA:178,3
DA:179,3
DA:180,3
DA:181,2
DA:182,2
DA:183,3
DA:184,1
DA:185,1
DA:186,1
DA:187,1
DA:188,3
DA:189,1
DA:190,1
DA:191,1
DA:192,1
DA:193,0
DA:194,0
DA:195,1
DA:196,0
DA:197,0
DA:198,0
DA:199,0
DA:200,0
DA:201,0
DA:202,0
DA:203,0
DA:204,0
DA:205,0
DA:206,0
DA:207,0
DA:208,0
DA:209,0
DA:210,0
DA:211,0
DA:212,0
DA:213,0
DA:214,0
DA:215,0
DA:216,0
DA:217,0
DA:218,0
DA:219,0
DA:220,0
DA:221,0
DA:222,0
DA:223,0
DA:224,0
DA:225,0
DA:226,0
DA:227,0
DA:228,0
DA:229,0
DA:230,0
DA:231,0
DA:232,0
DA:233,0
DA:234,0
DA:235,0
DA:236,0
DA:237,0
DA:238,0
DA:239,0
DA:240,0
DA:241,1
DA:242,1
DA:243,1
DA:244,1
DA:245,1
DA:246,1
DA:247,1
DA:248,1
DA:249,1
DA:250,1
DA:251,1
DA:252,1
DA:253,1
DA:254,1
DA:255,1
DA:256,1
DA:257,1
DA:258,1
DA:259,1
DA:260,1
DA:261,1
DA:262,1
DA:263,1
DA:264,1
DA:265,1
LF:265
LH:205
BRDA:12,0,0,1
BRDA:16,1,0,0
BRDA:15,2,0,4
BRDA:20,3,0,2
BRDA:21,4,0,0
BRDA:37,5,0,3
BRDA:38,6,0,0
BRDA:39,7,0,2
BRDA:43,8,0,0
BRDA:43,9,0,0
BRDA:43,10,0,0
BRDA:46,11,0,1
BRDA:48,12,0,2
BRDA:53,13,0,5
BRDA:54,14,0,3
BRDA:63,15,0,3
BRDA:68,16,0,1
BRDA:71,17,0,0
BRDA:83,18,0,1
BRDA:86,19,0,0
BRDA:97,20,0,5
BRDA:100,21,0,1
BRDA:102,22,0,4
BRDA:106,23,0,1
BRDA:106,24,0,3
BRDA:108,25,0,2
BRDA:108,26,0,1
BRDA:110,27,0,2
BRDA:112,28,0,1
BRDA:113,29,0,1
BRDA:122,30,0,0
BRDA:125,31,0,2
BRDA:132,32,0,1
BRDA:132,33,0,1
BRDA:132,34,0,1
BRDA:135,35,0,0
BRDA:142,36,0,2
BRDA:144,37,0,2
BRDA:149,38,0,1
BRDA:149,39,0,1
BRDA:150,40,0,1
BRDA:150,41,0,1
BRDA:151,42,0,1
BRDA:151,43,0,1
BRDA:152,44,0,1
BRDA:152,45,0,1
BRDA:153,46,0,1
BRDA:153,47,0,1
BRDA:154,48,0,1
BRDA:154,49,0,1
BRDA:155,50,0,0
BRDA:160,51,0,1
BRDA:160,52,0,1
BRDA:160,53,0,1
BRDA:167,54,0,0
BRDA:178,55,0,3
BRDA:180,56,0,1
BRDA:180,57,0,2
BRDA:183,58,0,1
BRDA:188,59,0,1
BRDA:192,60,0,0
BRDA:195,61,0,0
BRDA:242,62,0,1
BRDA:244,63,0,0
BRDA:247,64,0,0
BRF:65
BRH:49
end_of_record
TN:
SF:src\services\exam-excel.service.js
FN:4,normalizeCell
FN:8,pick
FN:17,parseAnswer
FN:42,parseQuestionsFromRows
FN:81,extractQuestionsFromExcelBuffer
FNF:5
FNH:5
FNDA:33,normalizeCell
FNDA:35,pick
FNDA:5,parseAnswer
FNDA:5,parseQuestionsFromRows
FNDA:9,extractQuestionsFromExcelBuffer
DA:1,1
DA:2,1
DA:3,1
DA:4,33
DA:5,33
DA:6,33
DA:7,1
DA:8,35
DA:9,35
DA:10,100
DA:11,22
DA:12,22
DA:13,100
DA:14,13
DA:15,13
DA:16,1
DA:17,5
DA:18,5
DA:19,5
DA:20,5
DA:21,5
DA:22,5
DA:23,2
DA:24,2
DA:25,2
DA:26,3
DA:27,3
DA:28,5
DA:29,2
DA:30,2
DA:31,2
DA:32,2
DA:33,5
DA:34,5
DA:35,1
DA:36,1
DA:37,1
DA:38,1
DA:39,1
DA:40,1
DA:41,1
DA:42,5
DA:43,5
DA:44,5
DA:45,6
DA:46,6
DA:47,6
DA:48,6
DA:49,6
DA:50,6
DA:51,6
DA:52,6
DA:53,6
DA:54,6
DA:55,6
DA:56,6
DA:57,1
DA:58,1
DA:59,6
DA:60,10
DA:61,10
DA:62,5
DA:63,5
DA:64,5
DA:65,6
DA:66,1
DA:67,1
DA:68,1
DA:69,1
DA:70,1
DA:71,4
DA:72,4
DA:73,4
DA:74,4
DA:75,4
DA:76,4
DA:77,4
DA:78,3
DA:79,3
DA:80,1
DA:81,9
DA:82,9
DA:83,2
DA:84,2
DA:85,7
DA:86,7
DA:87,7
DA:88,7
DA:89,9
DA:90,1
DA:91,1
DA:92,6
DA:93,9
DA:94,9
DA:95,1
DA:96,1
DA:97,5
DA:98,5
DA:99,5
DA:100,5
DA:101,5
DA:102,9
DA:103,1
DA:104,1
DA:105,1
DA:106,1
DA:107,1
DA:108,2
DA:109,2
DA:110,2
DA:111,1
DA:112,1
DA:113,1
DA:114,1
LF:114
LH:114
BRDA:4,0,0,33
BRDA:5,1,0,13
BRDA:8,2,0,35
BRDA:9,3,0,100
BRDA:10,4,0,22
BRDA:10,5,0,22
BRDA:10,6,0,22
BRDA:13,7,0,13
BRDA:17,8,0,5
BRDA:19,9,0,0
BRDA:22,10,0,2
BRDA:24,11,0,0
BRDA:25,12,0,3
BRDA:28,13,0,1
BRDA:28,14,0,2
BRDA:33,15,0,1
BRDA:27,16,0,10
BRDA:31,17,0,5
BRDA:31,18,0,4
BRDA:31,19,0,4
BRDA:42,20,0,5
BRDA:44,21,0,6
BRDA:45,22,0,0
BRDA:47,23,0,0
BRDA:56,24,0,1
BRDA:58,25,0,5
BRDA:59,26,0,10
BRDA:61,27,0,5
BRDA:65,28,0,1
BRDA:70,29,0,4
BRDA:77,30,0,3
BRDA:81,31,0,9
BRDA:82,32,0,8
BRDA:82,33,0,2
BRDA:84,34,0,7
BRDA:89,35,0,1
BRDA:91,36,0,6
BRDA:94,37,0,1
BRDA:96,38,0,5
BRDA:102,39,0,1
BRDA:107,40,0,2
BRF:41
BRH:37
end_of_record
TN:
SF:src\services\exam-pdf.service.js
FN:7,extractPdfText
FN:22,parseQuestionsHeuristic
FN:85,normalizeQuestions
FN:121,parseQuestionsWithOpenAI
FN:183,buildQuestionsFromPdfText
FNF:5
FNH:5
FNDA:4,extractPdfText
FNDA:4,parseQuestionsHeuristic
FNDA:4,normalizeQuestions
FNDA:2,parseQuestionsWithOpenAI
FNDA:5,buildQuestionsFromPdfText
DA:1,1
DA:2,1
DA:3,1
DA:4,1
DA:5,1
DA:6,1
DA:7,4
DA:8,4
DA:9,2
DA:10,2
DA:11,2
DA:12,4
DA:13,4
DA:14,1
DA:15,1
DA:16,1
DA:17,1
DA:18,1
DA:19,1
DA:20,1
DA:21,1
DA:22,4
DA:23,4
DA:24,4
DA:25,4
DA:26,4
DA:27,4
DA:28,7
DA:29,7
DA:30,7
DA:31,7
DA:32,7
DA:33,5
DA:34,5
DA:35,7
DA:36,4
DA:37,4
DA:38,4
DA:39,4
DA:40,4
DA:41,7
DA:42,15
DA:43,15
DA:44,15
DA:45,11
DA:46,11
DA:47,11
DA:48,4
DA:49,4
DA:50,4
DA:51,4
DA:52,15
DA:53,4
DA:54,7
DA:55,4
DA:56,4
DA:57,4
DA:58,7
DA:59,3
DA:60,3
DA:61,7
DA:62,1
DA:63,1
DA:64,1
DA:65,1
DA:66,1
DA:67,1
DA:68,4
DA:69,7
DA:70,4
DA:71,7
DA:72,5
DA:73,5
DA:74,4
DA:75,4
DA:76,4
DA:77,4
DA:78,4
DA:79,4
DA:80,4
DA:81,4
DA:82,4
DA:83,4
DA:84,1
DA:85,4
DA:86,4
DA:87,1
DA:88,1
DA:89,3
DA:90,3
DA:91,3
DA:92,3
DA:93,3
DA:94,3
DA:95,3
DA:96,0
DA:97,0
DA:98,3
DA:99,3
DA:100,3
DA:101,3
DA:102,0
DA:103,0
DA:104,0
DA:105,0
DA:106,0
DA:107,0
DA:108,0
DA:109,0
DA:110,0
DA:111,0
DA:112,3
DA:113,3
DA:114,3
DA:115,3
DA:116,3
DA:117,3
DA:118,3
DA:119,3
DA:120,1
DA:121,2
DA:122,2
DA:123,2
DA:124,0
DA:125,0
DA:126,2
DA:127,2
DA:128,2
DA:129,2
DA:130,2
DA:131,2
DA:132,2
DA:133,2
DA:134,2
DA:135,2
DA:136,2
DA:137,2
DA:138,2
DA:139,2
DA:140,2
DA:141,2
DA:142,2
DA:143,2
DA:144,2
DA:145,2
DA:146,2
DA:147,2
DA:148,2
DA:149,2
DA:150,2
DA:151,2
DA:152,2
DA:153,2
DA:154,2
DA:155,2
DA:156,2
DA:157,2
DA:158,2
DA:159,2
DA:160,1
DA:161,1
DA:162,1
DA:163,1
DA:164,1
DA:165,2
DA:166,2
DA:167,0
DA:168,0
DA:169,1
DA:170,1
DA:171,1
DA:172,1
DA:173,2
DA:174,0
DA:175,0
DA:176,1
DA:177,1
DA:178,1
DA:179,1
DA:180,1
DA:181,1
DA:182,1
DA:183,5
DA:184,5
DA:185,5
DA:186,1
DA:187,1
DA:188,1
DA:189,1
DA:190,1
DA:191,4
DA:192,4
DA:193,5
DA:194,2
DA:195,2
DA:196,2
DA:197,1
DA:198,1
DA:199,1
DA:200,2
DA:201,5
DA:202,3
DA:203,3
DA:204,4
DA:205,5
DA:206,1
DA:207,1
DA:208,1
DA:209,1
DA:210,1
DA:211,3
DA:212,3
DA:213,3
DA:214,1
DA:215,1
DA:216,1
DA:217,1
DA:218,1
DA:219,1
LF:219
LH:201
BRDA:7,0,0,4
BRDA:8,1,0,3
BRDA:8,2,0,2
BRDA:12,3,0,1
BRDA:12,4,0,1
BRDA:22,5,0,4
BRDA:27,6,0,7
BRDA:32,7,0,2
BRDA:32,8,0,5
BRDA:35,9,0,1
BRDA:35,10,0,4
BRDA:41,11,0,15
BRDA:44,12,0,11
BRDA:47,13,0,4
BRDA:52,14,0,4
BRDA:54,15,0,0
BRDA:54,16,0,4
BRDA:58,17,0,3
BRDA:60,18,0,0
BRDA:61,19,0,1
BRDA:66,20,0,0
BRDA:67,21,0,4
BRDA:69,22,0,0
BRDA:69,23,0,4
BRDA:71,24,0,5
BRDA:73,25,0,4
BRDA:30,26,0,23
BRDA:64,27,0,2
BRDA:64,28,0,1
BRDA:64,29,0,1
BRDA:85,30,0,4
BRDA:86,31,0,1
BRDA:88,32,0,3
BRDA:92,33,0,0
BRDA:93,34,0,0
BRDA:94,35,0,0
BRDA:95,36,0,0
BRDA:99,37,0,0
BRDA:101,38,0,0
BRDA:115,39,0,0
BRDA:93,40,0,12
BRDA:100,41,0,3
BRDA:121,42,0,2
BRDA:123,43,0,0
BRDA:128,44,0,0
BRDA:159,45,0,1
BRDA:166,46,0,1
BRDA:166,47,0,0
BRDA:168,48,0,1
BRDA:173,49,0,0
BRDA:175,50,0,1
BRDA:183,51,0,5
BRDA:184,52,0,0
BRDA:185,53,0,1
BRDA:190,54,0,4
BRDA:193,55,0,2
BRDA:195,56,0,1
BRDA:195,57,0,0
BRDA:196,58,0,1
BRDA:197,59,0,0
BRDA:200,60,0,4
BRDA:201,61,0,3
BRDA:203,62,0,4
BRDA:205,63,0,1
BRDA:210,64,0,3
BRF:65
BRH:47
end_of_record
TN:
SF:src\services\exam-scoring.service.js
FN:5,normalizeAnswer
FN:9,hashCode
FN:19,seededShuffle
FN:35,stripAnswersFromExam
FN:64,scoreSubmission
FNF:5
FNH:5
FNDA:32,normalizeAnswer
FNDA:13,hashCode
FNDA:6,seededShuffle
FNDA:8,stripAnswersFromExam
FNDA:6,scoreSubmission
DA:1,1
DA:2,1
DA:3,1
DA:4,1
DA:5,32
DA:6,32
DA:7,32
DA:8,1
DA:9,13
DA:10,13
DA:11,13
DA:12,81
DA:13,81
DA:14,81
DA:15,81
DA:16,13
DA:17,13
DA:18,1
DA:19,6
DA:20,6
DA:21,6
DA:22,6
DA:23,12
DA:24,12
DA:25,12
DA:26,12
DA:27,6
DA:28,6
DA:29,1
DA:30,1
DA:31,1
DA:32,1
DA:33,1
DA:34,1
DA:35,8
DA:36,8
DA:37,8
DA:38,8
DA:39,8
DA:40,8
DA:41,8
DA:42,8
DA:43,9
DA:44,9
DA:45,3
DA:46,9
DA:47,9
DA:48,9
DA:49,9
DA:50,9
DA:51,9
DA:52,9
DA:53,9
DA:54,9
DA:55,8
DA:56,8
DA:57,8
DA:58,1
DA:59,1
DA:60,1
DA:61,1
DA:62,1
DA:63,1
DA:64,6
DA:65,6
DA:66,6
DA:67,6
DA:68,6
DA:69,6
DA:70,6
DA:71,6
DA:72,6
DA:73,6
DA:74,6
DA:75,6
DA:76,11
DA:77,11
DA:78,11
DA:79,6
DA:80,6
DA:81,6
DA:82,6
DA:83,6
DA:84,6
DA:85,6
DA:86,11
DA:87,11
DA:88,10
DA:89,10
DA:90,2
DA:91,10
DA:92,10
DA:93,10
DA:94,5
DA:95,5
DA:96,5
DA:97,5
DA:98,11
DA:99,1
DA:100,1
DA:101,11
DA:102,6
DA:103,6
DA:104,6
DA:105,6
DA:106,6
DA:107,6
DA:108,6
DA:109,6
DA:110,6
DA:111,6
DA:112,6
DA:113,6
DA:114,6
DA:115,6
DA:116,6
DA:117,6
DA:118,6
DA:119,6
DA:120,6
DA:121,1
DA:122,1
DA:123,1
DA:124,1
DA:125,1
DA:126,1
LF:126
LH:126
BRDA:5,0,0,32
BRDA:6,1,0,2
BRDA:9,2,0,13
BRDA:11,3,0,81
BRDA:19,4,0,6
BRDA:22,5,0,12
BRDA:35,6,0,8
BRDA:36,7,0,7
BRDA:36,8,0,1
BRDA:42,9,0,9
BRDA:44,10,0,8
BRDA:44,11,0,7
BRDA:45,12,0,3
BRDA:46,13,0,6
BRDA:51,14,0,3
BRDA:64,15,0,6
BRDA:75,16,0,11
BRDA:76,17,0,0
BRDA:85,18,0,11
BRDA:87,19,0,10
BRDA:88,20,0,2
BRDA:90,21,0,2
BRDA:91,22,0,8
BRDA:93,23,0,5
BRDA:98,24,0,1
BRDA:103,25,0,2
BRDA:103,26,0,4
BRDA:105,27,0,1
BRDA:105,28,0,5
BRDA:106,29,0,1
BRDA:72,30,0,14
BRDA:72,31,0,2
BRDA:118,32,0,14
BRF:33
BRH:32
end_of_record
TN:
SF:src\services\exam.service.js
FN:14,createExam
FN:97,createExamFromPdf
FN:103,createExamFromExcel
FN:111,generateAcronym
FN:129,listExamsCatalog
FN:494,getExamForStudent
FN:525,getExamForStaff
FN:539,updateExamMetaByCreator
FN:642,replaceExamQuestionsByCreator
FN:780,i
FN:818,publishExamByCreator
FN:853,deleteExamByCreator
FN:876,startAttempt
FN:1015,saveAttemptAnswer
FN:1122,syncAttemptAnswers
FN:1164,submitExam
FN:1260,getAttemptStatus
FN:1288,getAttemptDetails
FN:1325,publishResults
FN:1362,getOrCreateAttempt
FN:1393,extendTime
FN:1427,terminateSession
FN:1462,bulkUpdateStatusByCreator
FN:1512,resetAttempt
FNF:24
FNH:16
FNDA:12,createExam
FNDA:1,createExamFromPdf
FNDA:1,createExamFromExcel
FNDA:0,generateAcronym
FNDA:2,listExamsCatalog
FNDA:6,getExamForStudent
FNDA:2,getExamForStaff
FNDA:5,updateExamMetaByCreator
FNDA:1,replaceExamQuestionsByCreator
FNDA:0,i
FNDA:2,publishExamByCreator
FNDA:1,deleteExamByCreator
FNDA:5,startAttempt
FNDA:3,saveAttemptAnswer
FNDA:0,syncAttemptAnswers
FNDA:2,submitExam
FNDA:1,getAttemptStatus
FNDA:1,getAttemptDetails
FNDA:0,publishResults
FNDA:5,getOrCreateAttempt
FNDA:0,extendTime
FNDA:0,terminateSession
FNDA:0,bulkUpdateStatusByCreator
FNDA:0,resetAttempt
DA:1,1
DA:2,1
DA:3,1
DA:4,1
DA:5,1
DA:6,1
DA:7,1
DA:8,1
DA:9,1
DA:10,1
DA:11,1
DA:12,1
DA:13,1
DA:14,12
DA:15,12
DA:16,12
DA:17,12
DA:18,2
DA:19,2
DA:20,10
DA:21,12
DA:22,2
DA:23,2
DA:24,12
DA:25,2
DA:26,2
DA:27,6
DA:28,6
DA:29,6
DA:30,6
DA:31,1
DA:32,1
DA:33,6
DA:34,1
DA:35,1
DA:36,6
DA:37,1
DA:38,1
DA:39,6
DA:40,12
DA:41,12
DA:42,12
DA:43,0
DA:44,0
DA:45,12
DA:46,0
DA:47,0
DA:48,12
DA:49,0
DA:50,0
DA:51,3
DA:52,3
DA:53,3
DA:54,3
DA:55,3
DA:56,12
DA:57,12
DA:58,12
DA:59,3
DA:60,3
DA:61,3
DA:62,12
DA:63,12
DA:64,12
DA:65,12
DA:66,12
DA:67,12
DA:68,3
DA:69,3
DA:70,3
DA:71,3
DA:72,3
DA:73,3
DA:74,3
DA:75,3
DA:76,3
DA:77,3
DA:78,3
DA:79,3
DA:80,3
DA:81,3
DA:82,3
DA:83,3
DA:84,3
DA:85,3
DA:86,3
DA:87,3
DA:88,3
DA:89,3
DA:90,3
DA:91,3
DA:92,3
DA:93,3
DA:94,3
DA:95,3
DA:96,1
DA:97,1
DA:98,1
DA:99,1
DA:100,1
DA:101,1
DA:102,1
DA:103,1
DA:104,1
DA:105,1
DA:106,1
DA:107,1
DA:108,1
DA:109,1
DA:110,1
DA:111,0
DA:112,0
DA:113,0
DA:114,0
DA:115,0
DA:116,0
DA:117,0
DA:118,0
DA:119,0
DA:120,0
DA:121,0
DA:122,0
DA:123,0
DA:124,0
DA:125,0
DA:126,0
DA:127,0
DA:128,1
DA:129,2
DA:130,2
DA:131,2
DA:132,2
DA:133,2
DA:134,2
DA:135,2
DA:136,2
DA:137,2
DA:138,2
DA:139,2
DA:140,2
DA:141,2
DA:142,2
DA:143,2
DA:144,2
DA:145,2
DA:146,2
DA:147,2
DA:148,2
DA:149,2
DA:150,2
DA:151,2
DA:152,2
DA:153,2
DA:154,2
DA:155,2
DA:156,2
DA:157,2
DA:158,2
DA:159,2
DA:160,2
DA:161,2
DA:162,2
DA:163,2
DA:164,2
DA:165,2
DA:166,2
DA:167,2
DA:168,2
DA:169,2
DA:170,2
DA:171,2
DA:172,2
DA:173,2
DA:174,1
DA:175,1
DA:176,1
DA:177,1
DA:178,1
DA:179,1
DA:180,1
DA:181,1
DA:182,1
DA:183,1
DA:184,1
DA:185,1
DA:186,1
DA:187,1
DA:188,1
DA:189,1
DA:190,1
DA:191,1
DA:192,1
DA:193,1
DA:194,1
DA:195,1
DA:196,1
DA:197,1
DA:198,1
DA:199,1
DA:200,1
DA:201,1
DA:202,1
DA:203,1
DA:204,1
DA:205,1
DA:206,1
DA:207,0
DA:208,0
DA:209,0
DA:210,0
DA:211,0
DA:212,1
DA:213,1
DA:214,1
DA:215,1
DA:216,1
DA:217,1
DA:218,1
DA:219,1
DA:220,1
DA:221,1
DA:222,1
DA:223,1
DA:224,1
DA:225,1
DA:226,1
DA:227,1
DA:228,1
DA:229,1
DA:230,1
DA:231,1
DA:232,1
DA:233,1
DA:234,1
DA:235,1
DA:236,1
DA:237,1
DA:238,0
DA:239,1
DA:240,2
DA:241,2
DA:242,2
DA:243,2
DA:244,2
DA:245,2
DA:246,2
DA:247,2
DA:248,2
DA:249,1
DA:250,1
DA:251,2
DA:252,2
DA:253,2
DA:254,2
DA:255,2
DA:256,2
DA:257,2
DA:258,2
DA:259,2
DA:260,1
DA:261,1
DA:262,1
DA:263,2
DA:264,2
DA:265,2
DA:266,2
DA:267,2
DA:268,2
DA:269,2
DA:270,2
DA:271,2
DA:272,1
DA:273,1
DA:274,1
DA:275,2
DA:276,2
DA:277,2
DA:278,2
DA:279,2
DA:280,2
DA:281,2
DA:282,2
DA:283,2
DA:284,2
DA:285,2
DA:286,2
DA:287,2
DA:288,2
DA:289,2
DA:290,2
DA:291,2
DA:292,2
DA:293,2
DA:294,2
DA:295,2
DA:296,2
DA:297,2
DA:298,2
DA:299,2
DA:300,2
DA:301,2
DA:302,2
DA:303,2
DA:304,2
DA:305,2
DA:306,2
DA:307,2
DA:308,2
DA:309,2
DA:310,2
DA:311,2
DA:312,0
DA:313,0
DA:314,0
DA:315,0
DA:316,0
DA:317,0
DA:318,0
DA:319,0
DA:320,0
DA:321,0
DA:322,0
DA:323,0
DA:324,0
DA:325,0
DA:326,0
DA:327,0
DA:328,0
DA:329,0
DA:330,0
DA:331,0
DA:332,0
DA:333,0
DA:334,0
DA:335,0
DA:336,0
DA:337,0
DA:338,0
DA:339,0
DA:340,0
DA:341,0
DA:342,0
DA:343,0
DA:344,0
DA:345,0
DA:346,0
DA:347,0
DA:348,0
DA:349,0
DA:350,0
DA:351,0
DA:352,0
DA:353,0
DA:354,0
DA:355,0
DA:356,0
DA:357,0
DA:358,0
DA:359,0
DA:360,0
DA:361,0
DA:362,0
DA:363,0
DA:364,0
DA:365,0
DA:366,0
DA:367,0
DA:368,0
DA:369,0
DA:370,0
DA:371,0
DA:372,0
DA:373,0
DA:374,0
DA:375,0
DA:376,0
DA:377,0
DA:378,0
DA:379,0
DA:380,0
DA:381,0
DA:382,0
DA:383,0
DA:384,0
DA:385,0
DA:386,0
DA:387,0
DA:388,0
DA:389,0
DA:390,0
DA:391,0
DA:392,0
DA:393,0
DA:394,0
DA:395,0
DA:396,0
DA:397,0
DA:398,0
DA:399,0
DA:400,0
DA:401,0
DA:402,0
DA:403,0
DA:404,0
DA:405,0
DA:406,0
DA:407,0
DA:408,0
DA:409,0
DA:410,0
DA:411,0
DA:412,0
DA:413,0
DA:414,0
DA:415,0
DA:416,0
DA:417,0
DA:418,0
DA:419,0
DA:420,0
DA:421,0
DA:422,0
DA:423,0
DA:424,0
DA:425,0
DA:426,0
DA:427,0
DA:428,0
DA:429,0
DA:430,0
DA:431,0
DA:432,0
DA:433,0
DA:434,0
DA:435,0
DA:436,0
DA:437,0
DA:438,0
DA:439,0
DA:440,0
DA:441,0
DA:442,0
DA:443,0
DA:444,0
DA:445,0
DA:446,0
DA:447,0
DA:448,0
DA:449,0
DA:450,0
DA:451,0
DA:452,0
DA:453,0
DA:454,0
DA:455,0
DA:456,0
DA:457,0
DA:458,0
DA:459,0
DA:460,0
DA:461,0
DA:462,0
DA:463,0
DA:464,0
DA:465,0
DA:466,0
DA:467,0
DA:468,0
DA:469,0
DA:470,0
DA:471,0
DA:472,0
DA:473,0
DA:474,0
DA:475,0
DA:476,0
DA:477,0
DA:478,0
DA:479,0
DA:480,0
DA:481,0
DA:482,0
DA:483,0
DA:484,0
DA:485,0
DA:486,0
DA:487,0
DA:488,0
DA:489,0
DA:490,0
DA:491,0
DA:492,1
DA:493,1
DA:494,6
DA:495,6
DA:496,1
DA:497,1
DA:498,5
DA:499,5
DA:500,5
DA:501,6
DA:502,4
DA:503,4
DA:504,4
DA:505,4
DA:506,4
DA:507,4
DA:508,4
DA:509,4
DA:510,4
DA:511,4
DA:512,4
DA:513,4
DA:514,4
DA:515,4
DA:516,6
DA:517,6
DA:518,6
DA:519,1
DA:520,1
DA:521,1
DA:522,1
DA:523,1
DA:524,1
DA:525,2
DA:526,2
DA:527,0
DA:528,0
DA:529,2
DA:530,2
DA:531,2
DA:532,2
DA:533,2
DA:534,1
DA:535,1
DA:536,1
DA:537,1
DA:538,1
DA:539,5
DA:540,5
DA:541,5
DA:542,0
DA:543,0
DA:544,5
DA:545,5
DA:546,0
DA:547,0
DA:548,5
DA:549,1
DA:550,1
DA:551,4
DA:552,4
DA:553,5
DA:554,0
DA:555,0
DA:556,0
DA:557,0
DA:558,0
DA:559,0
DA:560,0
DA:561,4
DA:562,4
DA:563,5
DA:564,2
DA:565,2
DA:566,1
DA:567,1
DA:568,5
DA:569,1
DA:570,1
DA:571,0
DA:572,0
DA:573,1
DA:574,1
DA:575,5
DA:576,0
DA:577,0
DA:578,0
DA:579,0
DA:580,0
DA:581,0
DA:582,0
DA:583,0
DA:584,5
DA:585,0
DA:586,0
DA:587,0
DA:588,0
DA:589,0
DA:590,0
DA:591,0
DA:592,0
DA:593,5
DA:594,0
DA:595,0
DA:596,5
DA:597,0
DA:598,0
DA:599,0
DA:600,0
DA:601,0
DA:602,0
DA:603,5
DA:604,5
DA:605,5
DA:606,0
DA:607,0
DA:608,5
DA:609,2
DA:610,2
DA:611,1
DA:612,1
DA:613,1
DA:614,1
DA:615,1
DA:616,1
DA:617,2
DA:618,2
DA:619,5
DA:620,1
DA:621,1
DA:622,1
DA:623,1
DA:624,1
DA:625,1
DA:626,1
DA:627,1
DA:628,1
DA:629,1
DA:630,1
DA:631,1
DA:632,1
DA:633,1
DA:634,1
DA:635,1
DA:636,5
DA:637,0
DA:638,0
DA:639,0
DA:640,5
DA:641,1
DA:642,1
DA:643,1
DA:644,1
DA:645,0
DA:646,0
DA:647,1
DA:648,1
DA:649,0
DA:650,0
DA:651,1
DA:652,0
DA:653,0
DA:654,1
DA:655,1
DA:656,1
DA:657,0
DA:658,0
DA:659,1
DA:660,1
DA:661,1
DA:662,1
DA:663,0
DA:664,0
DA:665,1
DA:666,1
DA:667,1
DA:668,0
DA:669,0
DA:670,1
DA:671,1
DA:672,1
DA:673,1
DA:674,1
DA:675,1
DA:676,1
DA:677,1
DA:678,1
DA:679,0
DA:680,0
DA:681,1
DA:682,1
DA:683,1
DA:684,1
DA:685,1
DA:686,1
DA:687,1
DA:688,1
DA:689,1
DA:690,1
DA:691,1
DA:692,0
DA:693,0
DA:694,0
DA:695,0
DA:696,0
DA:697,0
DA:698,0
DA:699,0
DA:700,1
DA:701,1
DA:702,1
DA:703,1
DA:704,1
DA:705,1
DA:706,1
DA:707,1
DA:708,0
DA:709,1
DA:710,1
DA:711,1
DA:712,1
DA:713,1
DA:714,1
DA:715,1
DA:716,1
DA:717,1
DA:718,1
DA:719,1
DA:720,1
DA:721,1
DA:722,1
DA:723,1
DA:724,0
DA:725,0
DA:726,0
DA:727,0
DA:728,0
DA:729,0
DA:730,0
DA:731,0
DA:732,0
DA:733,0
DA:734,0
DA:735,0
DA:736,0
DA:737,0
DA:738,0
DA:739,0
DA:740,0
DA:741,0
DA:742,0
DA:743,0
DA:744,0
DA:745,1
DA:746,1
DA:747,1
DA:748,1
DA:749,1
DA:750,1
DA:751,1
DA:752,1
DA:753,1
DA:754,1
DA:755,1
DA:756,1
DA:757,1
DA:758,1
DA:759,1
DA:760,1
DA:761,1
DA:762,0
DA:763,0
DA:764,0
DA:765,0
DA:766,0
DA:767,0
DA:768,0
DA:769,0
DA:770,0
DA:771,0
DA:772,0
DA:773,0
DA:774,0
DA:775,0
DA:776,0
DA:777,0
DA:778,0
DA:779,0
DA:780,0
DA:781,0
DA:782,0
DA:783,0
DA:784,0
DA:785,0
DA:786,0
DA:787,0
DA:788,0
DA:789,0
DA:790,0
DA:791,0
DA:792,0
DA:793,0
DA:794,0
DA:795,0
DA:796,0
DA:797,0
DA:798,0
DA:799,0
DA:800,0
DA:801,0
DA:802,0
DA:803,0
DA:804,0
DA:805,0
DA:806,0
DA:807,1
DA:808,1
DA:809,1
DA:810,1
DA:811,1
DA:812,1
DA:813,1
DA:814,1
DA:815,1
DA:816,1
DA:817,1
DA:818,2
DA:819,2
DA:820,2
DA:821,0
DA:822,0
DA:823,2
DA:824,2
DA:825,2
DA:826,2
DA:827,2
DA:828,0
DA:829,0
DA:830,2
DA:831,0
DA:832,0
DA:833,2
DA:834,1
DA:835,1
DA:836,1
DA:837,1
DA:838,1
DA:839,1
DA:840,1
DA:841,1
DA:842,1
DA:843,1
DA:844,1
DA:845,1
DA:846,1
DA:847,1
DA:848,1
DA:849,1
DA:850,1
DA:851,1
DA:852,1
DA:853,1
DA:854,1
DA:855,1
DA:856,0
DA:857,0
DA:858,1
DA:859,1
DA:860,0
DA:861,0
DA:862,1
DA:863,0
DA:864,0
DA:865,1
DA:866,1
DA:867,1
DA:868,1
DA:869,1
DA:870,1
DA:871,1
DA:872,1
DA:873,1
DA:874,1
DA:875,1
DA:876,5
DA:877,5
DA:878,5
DA:879,5
DA:880,0
DA:881,0
DA:882,5
DA:883,5
DA:884,5
DA:885,5
DA:886,5
DA:887,5
DA:888,5
DA:889,5
DA:890,1
DA:891,1
DA:892,5
DA:893,0
DA:894,0
DA:895,4
DA:896,4
DA:897,4
DA:898,4
DA:899,4
DA:900,5
DA:901,5
DA:902,5
DA:903,4
DA:904,5
DA:905,0
DA:906,0
DA:907,4
DA:908,4
DA:909,4
DA:910,4
DA:911,0
DA:912,0
DA:913,4
DA:914,1
DA:915,1
DA:916,3
DA:917,4
DA:918,0
DA:919,0
DA:920,4
DA:921,0
DA:922,0
DA:923,4
DA:924,3
DA:925,5
DA:926,0
DA:927,0
DA:928,3
DA:929,5
DA:930,1
DA:931,0
DA:932,0
DA:933,0
DA:934,0
DA:935,0
DA:936,0
DA:937,1
DA:938,0
DA:939,0
DA:940,1
DA:941,1
DA:942,1
DA:943,1
DA:944,1
DA:945,1
DA:946,1
DA:947,1
DA:948,1
DA:949,1
DA:950,1
DA:951,1
DA:952,1
DA:953,1
DA:954,1
DA:955,1
DA:956,1
DA:957,1
DA:958,1
DA:959,1
DA:960,2
DA:961,2
DA:962,5
DA:963,5
DA:964,5
DA:965,5
DA:966,5
DA:967,5
DA:968,5
DA:969,5
DA:970,5
DA:971,5
DA:972,5
DA:973,2
DA:974,5
DA:975,5
DA:976,5
DA:977,5
DA:978,1
DA:979,1
DA:980,1
DA:981,1
DA:982,1
DA:983,1
DA:984,1
DA:985,1
DA:986,1
DA:987,1
DA:988,1
DA:989,1
DA:990,1
DA:991,1
DA:992,1
DA:993,1
DA:994,1
DA:995,1
DA:996,1
DA:997,1
DA:998,1
DA:999,1
DA:1000,1
DA:1001,1
DA:1002,1
DA:1003,1
DA:1004,1
DA:1005,1
DA:1006,1
DA:1007,1
DA:1008,1
DA:1009,1
DA:1010,0
DA:1011,0
DA:1012,0
DA:1013,5
DA:1014,1
DA:1015,3
DA:1016,3
DA:1017,3
DA:1018,3
DA:1019,3
DA:1020,3
DA:1021,3
DA:1022,3
DA:1023,0
DA:1024,0
DA:1025,3
DA:1026,3
DA:1027,0
DA:1028,0
DA:1029,3
DA:1030,3
DA:1031,3
DA:1032,3
DA:1033,0
DA:1034,0
DA:1035,3
DA:1036,0
DA:1037,0
DA:1038,3
DA:1039,0
DA:1040,0
DA:1041,0
DA:1042,0
DA:1043,0
DA:1044,3
DA:1045,3
DA:1046,3
DA:1047,3
DA:1048,3
DA:1049,3
DA:1050,3
DA:1051,3
DA:1052,3
DA:1053,3
DA:1054,3
DA:1055,0
DA:1056,0
DA:1057,3
DA:1058,3
DA:1059,3
DA:1060,3
DA:1061,3
DA:1062,3
DA:1063,3
DA:1064,0
DA:1065,0
DA:1066,3
DA:1067,3
DA:1068,3
DA:1069,3
DA:1070,3
DA:1071,3
DA:1072,3
DA:1073,3
DA:1074,0
DA:1075,0
DA:1076,3
DA:1077,3
DA:1078,3
DA:1079,3
DA:1080,3
DA:1081,3
DA:1082,1
DA:1083,1
DA:1084,2
DA:1085,2
DA:1086,2
DA:1087,2
DA:1088,1
DA:1089,1
DA:1090,2
DA:1091,1
DA:1092,1
DA:1093,1
DA:1094,1
DA:1095,1
DA:1096,1
DA:1097,3
DA:1098,3
DA:1099,3
DA:1100,3
DA:1101,1
DA:1102,1
DA:1103,1
DA:1104,1
DA:1105,1
DA:1106,3
DA:1107,0
DA:1108,0
DA:1109,0
DA:1110,0
DA:1111,0
DA:1112,1
DA:1113,1
DA:1114,1
DA:1115,1
DA:1116,1
DA:1117,1
DA:1118,1
DA:1119,1
DA:1120,1
DA:1121,1
DA:1122,0
DA:1123,0
DA:1124,0
DA:1125,0
DA:1126,0
DA:1127,0
DA:1128,0
DA:1129,0
DA:1130,0
DA:1131,0
DA:1132,0
DA:1133,0
DA:1134,0
DA:1135,0
DA:1136,0
DA:1137,0
DA:1138,0
DA:1139,0
DA:1140,0
DA:1141,0
DA:1142,0
DA:1143,0
DA:1144,0
DA:1145,0
DA:1146,0
DA:1147,0
DA:1148,0
DA:1149,0
DA:1150,0
DA:1151,0
DA:1152,0
DA:1153,0
DA:1154,0
DA:1155,0
DA:1156,0
DA:1157,0
DA:1158,0
DA:1159,0
DA:1160,0
DA:1161,0
DA:1162,0
DA:1163,1
DA:1164,2
DA:1165,2
DA:1166,2
DA:1167,2
DA:1168,2
DA:1169,2
DA:1170,0
DA:1171,0
DA:1172,2
DA:1173,2
DA:1174,0
DA:1175,0
DA:1176,0
DA:1177,0
DA:1178,0
DA:1179,0
DA:1180,0
DA:1181,0
DA:1182,2
DA:1183,0
DA:1184,0
DA:1185,2
DA:1186,0
DA:1187,0
DA:1188,2
DA:1189,2
DA:1190,2
DA:1191,2
DA:1192,2
DA:1193,2
DA:1194,2
DA:1195,0
DA:1196,0
DA:1197,2
DA:1198,2
DA:1199,2
DA:1200,2
DA:1201,2
DA:1202,2
DA:1203,2
DA:1204,2
DA:1205,1
DA:1206,1
DA:1207,1
DA:1208,1
DA:1209,1
DA:1210,2
DA:1211,2
DA:1212,2
DA:1213,2
DA:1214,2
DA:1215,2
DA:1216,2
DA:1217,2
DA:1218,2
DA:1219,2
DA:1220,2
DA:1221,2
DA:1222,2
DA:1223,2
DA:1224,2
DA:1225,2
DA:1226,2
DA:1227,2
DA:1228,2
DA:1229,2
DA:1230,2
DA:1231,2
DA:1232,2
DA:1233,2
DA:1234,2
DA:1235,2
DA:1236,2
DA:1237,2
DA:1238,2
DA:1239,2
DA:1240,2
DA:1241,2
DA:1242,2
DA:1243,2
DA:1244,2
DA:1245,2
DA:1246,2
DA:1247,2
DA:1248,2
DA:1249,2
DA:1250,2
DA:1251,2
DA:1252,2
DA:1253,2
DA:1254,0
DA:1255,2
DA:1256,2
DA:1257,2
DA:1258,2
DA:1259,1
DA:1260,1
DA:1261,1
DA:1262,1
DA:1263,0
DA:1264,0
DA:1265,1
DA:1266,1
DA:1267,1
DA:1268,1
DA:1269,1
DA:1270,1
DA:1271,1
DA:1272,0
DA:1273,0
DA:1274,1
DA:1275,1
DA:1276,1
DA:1277,1
DA:1278,1
DA:1279,1
DA:1280,1
DA:1281,1
DA:1282,1
DA:1283,1
DA:1284,1
DA:1285,1
DA:1286,1
DA:1287,1
DA:1288,1
DA:1289,1
DA:1290,1
DA:1291,0
DA:1292,0
DA:1293,1
DA:1294,1
DA:1295,1
DA:1296,1
DA:1297,1
DA:1298,1
DA:1299,1
DA:1300,1
DA:1301,1
DA:1302,1
DA:1303,1
DA:1304,1
DA:1305,1
DA:1306,1
DA:1307,1
DA:1308,1
DA:1309,1
DA:1310,1
DA:1311,1
DA:1312,1
DA:1313,1
DA:1314,1
DA:1315,1
DA:1316,1
DA:1317,1
DA:1318,1
DA:1319,1
DA:1320,1
DA:1321,1
DA:1322,1
DA:1323,1
DA:1324,1
DA:1325,0
DA:1326,0
DA:1327,0
DA:1328,0
DA:1329,0
DA:1330,0
DA:1331,0
DA:1332,0
DA:1333,0
DA:1334,0
DA:1335,0
DA:1336,0
DA:1337,0
DA:1338,0
DA:1339,0
DA:1340,0
DA:1341,0
DA:1342,0
DA:1343,0
DA:1344,0
DA:1345,0
DA:1346,0
DA:1347,0
DA:1348,0
DA:1349,0
DA:1350,0
DA:1351,0
DA:1352,0
DA:1353,0
DA:1354,0
DA:1355,0
DA:1356,0
DA:1357,0
DA:1358,0
DA:1359,0
DA:1360,0
DA:1361,1
DA:1362,5
DA:1363,5
DA:1364,5
DA:1365,5
DA:1366,5
DA:1367,0
DA:1368,0
DA:1369,0
DA:1370,0
DA:1371,0
DA:1372,0
DA:1373,0
DA:1374,0
DA:1375,0
DA:1376,0
DA:1377,0
DA:1378,0
DA:1379,0
DA:1380,0
DA:1381,0
DA:1382,0
DA:1383,0
DA:1384,0
DA:1385,0
DA:1386,0
DA:1387,0
DA:1388,0
DA:1389,0
DA:1390,0
DA:1391,5
DA:1392,5
DA:1393,0
DA:1394,0
DA:1395,0
DA:1396,0
DA:1397,0
DA:1398,0
DA:1399,0
DA:1400,0
DA:1401,0
DA:1402,0
DA:1403,0
DA:1404,0
DA:1405,0
DA:1406,0
DA:1407,0
DA:1408,0
DA:1409,0
DA:1410,0
DA:1411,0
DA:1412,0
DA:1413,0
DA:1414,0
DA:1415,0
DA:1416,0
DA:1417,0
DA:1418,0
DA:1419,0
DA:1420,0
DA:1421,0
DA:1422,0
DA:1423,0
DA:1424,0
DA:1425,0
DA:1426,1
DA:1427,0
DA:1428,0
DA:1429,0
DA:1430,0
DA:1431,0
DA:1432,0
DA:1433,0
DA:1434,0
DA:1435,0
DA:1436,0
DA:1437,0
DA:1438,0
DA:1439,0
DA:1440,0
DA:1441,0
DA:1442,0
DA:1443,0
DA:1444,0
DA:1445,0
DA:1446,0
DA:1447,0
DA:1448,0
DA:1449,0
DA:1450,0
DA:1451,0
DA:1452,0
DA:1453,0
DA:1454,0
DA:1455,0
DA:1456,0
DA:1457,0
DA:1458,0
DA:1459,0
DA:1460,0
DA:1461,1
DA:1462,0
DA:1463,0
DA:1464,0
DA:1465,0
DA:1466,0
DA:1467,0
DA:1468,0
DA:1469,0
DA:1470,0
DA:1471,0
DA:1472,0
DA:1473,0
DA:1474,0
DA:1475,0
DA:1476,0
DA:1477,0
DA:1478,0
DA:1479,0
DA:1480,0
DA:1481,0
DA:1482,0
DA:1483,0
DA:1484,0
DA:1485,0
DA:1486,0
DA:1487,0
DA:1488,0
DA:1489,0
DA:1490,0
DA:1491,0
DA:1492,0
DA:1493,0
DA:1494,0
DA:1495,0
DA:1496,0
DA:1497,0
DA:1498,0
DA:1499,0
DA:1500,0
DA:1501,0
DA:1502,0
DA:1503,0
DA:1504,0
DA:1505,0
DA:1506,0
DA:1507,0
DA:1508,0
DA:1509,0
DA:1510,0
DA:1511,1
DA:1512,0
DA:1513,0
DA:1514,0
DA:1515,0
DA:1516,0
DA:1517,0
DA:1518,0
DA:1519,0
DA:1520,0
DA:1521,0
DA:1522,0
DA:1523,0
DA:1524,0
DA:1525,0
DA:1526,0
DA:1527,0
DA:1528,0
DA:1529,0
DA:1530,0
DA:1531,0
DA:1532,0
DA:1533,0
DA:1534,0
DA:1535,0
DA:1536,0
DA:1537,0
DA:1538,0
DA:1539,0
DA:1540,0
DA:1541,0
DA:1542,0
DA:1543,0
DA:1544,0
DA:1545,0
DA:1546,0
DA:1547,0
DA:1548,0
DA:1549,0
DA:1550,0
DA:1551,1
DA:1552,1
DA:1553,1
DA:1554,1
DA:1555,1
DA:1556,1
DA:1557,1
DA:1558,1
DA:1559,1
DA:1560,1
DA:1561,1
DA:1562,1
DA:1563,1
DA:1564,1
DA:1565,1
DA:1566,1
DA:1567,1
DA:1568,1
DA:1569,1
DA:1570,1
DA:1571,1
DA:1572,1
DA:1573,1
DA:1574,1
LF:1574
LH:892
BRDA:14,0,0,12
BRDA:15,1,0,0
BRDA:17,2,0,11
BRDA:17,3,0,2
BRDA:19,4,0,10
BRDA:21,5,0,9
BRDA:21,6,0,2
BRDA:23,7,0,8
BRDA:24,8,0,7
BRDA:24,9,0,2
BRDA:26,10,0,6
BRDA:30,11,0,5
BRDA:30,12,0,1
BRDA:32,13,0,5
BRDA:33,14,0,1
BRDA:35,15,0,4
BRDA:36,16,0,1
BRDA:39,17,0,3
BRDA:40,18,0,0
BRDA:40,19,0,3
BRDA:41,20,0,0
BRDA:41,21,0,3
BRDA:42,22,0,0
BRDA:42,23,0,0
BRDA:44,24,0,3
BRDA:45,25,0,0
BRDA:45,26,0,0
BRDA:47,27,0,3
BRDA:48,28,0,0
BRDA:48,29,0,0
BRDA:48,30,0,0
BRDA:50,31,0,3
BRDA:65,32,0,0
BRDA:65,33,0,3
BRDA:66,34,0,0
BRDA:66,35,0,3
BRDA:67,36,0,0
BRDA:67,37,0,3
BRDA:58,38,0,3
BRDA:60,39,0,8
BRDA:88,40,0,3
BRDA:97,41,0,1
BRDA:103,42,0,1
BRDA:129,43,0,2
BRDA:311,44,0,0
BRDA:173,45,0,1
BRDA:203,46,0,0
BRDA:191,47,0,1
BRDA:215,48,0,1
BRDA:236,49,0,0
BRDA:236,50,0,0
BRDA:238,51,0,0
BRDA:248,52,0,1
BRDA:251,53,0,1
BRDA:251,54,0,1
BRDA:259,55,0,1
BRDA:271,56,0,1
BRDA:281,57,0,1
BRDA:287,58,0,2
BRDA:291,59,0,2
BRDA:296,60,0,1
BRDA:297,61,0,0
BRDA:298,62,0,0
BRDA:494,63,0,6
BRDA:495,64,0,1
BRDA:497,65,0,5
BRDA:501,66,0,1
BRDA:501,67,0,4
BRDA:516,68,0,1
BRDA:516,69,0,3
BRDA:517,70,0,1
BRDA:517,71,0,2
BRDA:518,72,0,1
BRDA:525,73,0,2
BRDA:526,74,0,0
BRDA:533,75,0,1
BRDA:539,76,0,5
BRDA:541,77,0,0
BRDA:545,78,0,0
BRDA:548,79,0,1
BRDA:550,80,0,4
BRDA:553,81,0,0
BRDA:553,82,0,0
BRDA:560,83,0,4
BRDA:563,84,0,2
BRDA:565,85,0,1
BRDA:567,86,0,3
BRDA:568,87,0,1
BRDA:570,88,0,0
BRDA:574,89,0,3
BRDA:575,90,0,0
BRDA:583,91,0,3
BRDA:584,92,0,0
BRDA:592,93,0,3
BRDA:593,94,0,0
BRDA:595,95,0,3
BRDA:596,96,0,0
BRDA:602,97,0,3
BRDA:603,98,0,0
BRDA:603,99,0,3
BRDA:604,100,0,0
BRDA:604,101,0,3
BRDA:605,102,0,0
BRDA:605,103,0,0
BRDA:605,104,0,0
BRDA:607,105,0,3
BRDA:608,106,0,2
BRDA:610,107,0,1
BRDA:619,108,0,1
BRDA:636,109,0,0
BRDA:642,110,0,1
BRDA:644,111,0,0
BRDA:648,112,0,0
BRDA:651,113,0,0
BRDA:656,114,0,0
BRDA:662,115,0,0
BRDA:667,116,0,0
BRDA:678,117,0,0
BRDA:678,118,0,0
BRDA:691,119,0,0
BRDA:708,120,0,0
BRDA:723,121,0,0
BRDA:761,122,0,0
BRDA:702,123,0,2
BRDA:818,124,0,2
BRDA:820,125,0,0
BRDA:827,126,0,0
BRDA:830,127,0,0
BRDA:833,128,0,1
BRDA:853,129,0,1
BRDA:855,130,0,0
BRDA:859,131,0,0
BRDA:862,132,0,0
BRDA:876,133,0,5
BRDA:878,134,0,0
BRDA:879,135,0,0
BRDA:889,136,0,3
BRDA:889,137,0,1
BRDA:891,138,0,4
BRDA:892,139,0,2
BRDA:892,140,0,0
BRDA:894,141,0,4
BRDA:900,142,0,0
BRDA:902,143,0,4
BRDA:904,144,0,0
BRDA:906,145,0,4
BRDA:910,146,0,0
BRDA:913,147,0,1
BRDA:915,148,0,3
BRDA:917,149,0,0
BRDA:917,150,0,0
BRDA:919,151,0,3
BRDA:920,152,0,0
BRDA:920,153,0,0
BRDA:923,154,0,3
BRDA:925,155,0,0
BRDA:927,156,0,3
BRDA:929,157,0,2
BRDA:929,158,0,1
BRDA:930,159,0,0
BRDA:930,160,0,0
BRDA:937,161,0,0
BRDA:937,162,0,0
BRDA:937,163,0,0
BRDA:942,164,0,0
BRDA:943,165,0,0
BRDA:959,166,0,2
BRDA:962,167,0,0
BRDA:963,168,0,2
BRDA:963,169,0,0
BRDA:973,170,0,2
BRDA:974,171,0,0
BRDA:975,172,0,2
BRDA:975,173,0,0
BRDA:977,174,0,1
BRDA:1002,175,0,0
BRDA:1003,176,0,0
BRDA:1009,177,0,0
BRDA:1015,178,0,3
BRDA:1020,179,0,0
BRDA:1022,180,0,0
BRDA:1026,181,0,0
BRDA:1032,182,0,0
BRDA:1035,183,0,0
BRDA:1035,184,0,0
BRDA:1035,185,0,0
BRDA:1038,186,0,0
BRDA:1038,187,0,0
BRDA:1053,188,0,0
BRDA:1054,189,0,0
BRDA:1063,190,0,0
BRDA:1073,191,0,0
BRDA:1081,192,0,1
BRDA:1083,193,0,2
BRDA:1087,194,0,1
BRDA:1090,195,0,1
BRDA:1097,196,0,0
BRDA:1099,197,0,0
BRDA:1099,198,0,0
BRDA:1099,199,0,1
BRDA:1100,200,0,1
BRDA:1100,201,0,1
BRDA:1106,202,0,0
BRDA:1111,203,0,1
BRDA:1069,204,0,4
BRDA:1086,205,0,2
BRDA:1113,206,0,1
BRDA:1164,207,0,2
BRDA:1167,208,0,0
BRDA:1169,209,0,0
BRDA:1173,210,0,0
BRDA:1182,211,0,0
BRDA:1185,212,0,0
BRDA:1185,213,0,0
BRDA:1185,214,0,0
BRDA:1194,215,0,0
BRDA:1202,216,0,0
BRDA:1204,217,0,1
BRDA:1204,218,0,1
BRDA:1223,219,0,1
BRDA:1223,220,0,1
BRDA:1206,221,0,1
BRDA:1211,222,0,2
BRDA:1213,223,0,0
BRDA:1260,224,0,1
BRDA:1262,225,0,0
BRDA:1271,226,0,0
BRDA:1274,227,0,0
BRDA:1279,228,0,0
BRDA:1283,229,0,0
BRDA:1288,230,0,1
BRDA:1290,231,0,0
BRDA:1305,232,0,0
BRDA:1306,233,0,0
BRDA:1306,234,0,0
BRDA:1307,235,0,0
BRDA:1316,236,0,0
BRDA:1317,237,0,0
BRDA:1362,238,0,5
BRDA:1366,239,0,0
BRF:240
BRH:121
end_of_record
TN:
SF:src\services\leaderboard.service.js
FN:15,getUnitLeaderboard
FN:51,_buildLeaderboard
FN:141,getStudentUnitRank
FNF:3
FNH:3
FNDA:10,getUnitLeaderboard
FNDA:2,_buildLeaderboard
FNDA:4,getStudentUnitRank
DA:1,1
DA:2,1
DA:3,1
DA:4,1
DA:5,1
DA:6,1
DA:7,1
DA:8,1
DA:9,1
DA:10,1
DA:11,1
DA:12,1
DA:13,1
DA:14,1
DA:15,1
DA:16,10
DA:17,9
DA:18,9
DA:19,9
DA:20,9
DA:21,9
DA:22,10
DA:23,4
DA:24,4
DA:25,4
DA:26,4
DA:27,4
DA:28,4
DA:29,4
DA:30,4
DA:31,4
DA:32,3
DA:33,3
DA:34,3
DA:35,3
DA:36,2
DA:37,2
DA:38,2
DA:39,4
DA:40,4
DA:41,4
DA:42,10
DA:43,3
DA:44,3
DA:45,3
DA:46,1
DA:47,1
DA:48,1
DA:49,1
DA:50,1
DA:51,2
DA:52,2
DA:53,2
DA:54,2
DA:55,2
DA:56,2
DA:57,2
DA:58,2
DA:59,2
DA:60,2
DA:61,2
DA:62,2
DA:63,2
DA:64,2
DA:65,2
DA:66,2
DA:67,2
DA:68,2
DA:69,2
DA:70,2
DA:71,2
DA:72,2
DA:73,2
DA:74,2
DA:75,2
DA:76,2
DA:77,2
DA:78,2
DA:79,1
DA:80,1
DA:81,1
DA:82,1
DA:83,1
DA:84,1
DA:85,1
DA:86,1
DA:87,1
DA:88,1
DA:89,1
DA:90,1
DA:91,1
DA:92,1
DA:93,1
DA:94,1
DA:95,1
DA:96,1
DA:97,1
DA:98,1
DA:99,1
DA:100,1
DA:101,2
DA:102,2
DA:103,2
DA:104,2
DA:105,2
DA:106,2
DA:107,2
DA:108,2
DA:109,2
DA:110,2
DA:111,2
DA:112,2
DA:113,2
DA:114,2
DA:115,1
DA:116,1
DA:117,1
[...]
BRDA:50,5,0,2
BRDA:59,6,0,1
BRDA:59,7,0,1
BRDA:60,8,0,1
BRDA:60,9,0,1
BRDA:61,10,0,1
BRDA:61,11,0,1
BRDA:62,12,0,1
BRDA:62,13,0,1
BRF:14
BRH:14
end_of_record
TN:
SF:src\services\notifications.service.js
FN:4,sendNotification
FN:25,listNotifications
FNF:2
FNH:2
FNDA:5,sendNotification
FNDA:2,listNotifications
DA:1,1
DA:2,1
DA:3,1
DA:4,5
DA:5,5
DA:6,5
DA:7,2
DA:8,2
DA:9,3
DA:10,5
DA:11,5
DA:12,1
DA:13,1
DA:14,2
DA:15,2
DA:16,2
DA:17,2
DA:18,2
DA:19,2
DA:20,2
DA:21,2
DA:22,2
DA:23,2
DA:24,1
DA:25,2
DA:26,2
DA:27,2
DA:28,2
DA:29,2
DA:30,2
DA:31,2
DA:32,2
DA:33,2
DA:34,2
DA:35,2
DA:36,2
DA:37,2
DA:38,2
DA:39,2
DA:40,2
DA:41,2
DA:42,2
DA:43,2
DA:44,2
DA:45,2
DA:46,2
DA:47,2
DA:48,2
DA:49,2
DA:50,2
DA:51,2
DA:52,2
DA:53,2
DA:54,1
DA:55,1
DA:56,1
DA:57,1
DA:58,1
LF:58
LH:58
BRDA:4,0,0,5
BRDA:6,1,0,4
BRDA:6,2,0,2
BRDA:8,3,0,3
BRDA:10,4,0,2
BRDA:10,5,0,1
BRDA:10,6,0,2
BRDA:11,7,0,2
BRDA:11,8,0,1
BRDA:13,9,0,2
BRDA:25,10,0,2
BRDA:26,11,0,1
BRDA:27,12,0,1
BRF:13
BRH:13
end_of_record
TN:
SF:src\services\results.service.js
FN:6,mapResultRow
FN:26,parseOptionalExamId
FN:32,parseOptionalExamIds
FN:39,parseOptionalCollegeCode
FN:45,parseOptionalCollegeCodes
FN:69,buildViolationCountMap
FN:86,listForStudent
FN:144,listForInstructor
FN:234,listForAdmin
FN:315,examSummary
FN:348,exportExamResultsCsv
FN:386,getReviewForStudent
FN:504,exportBulkExamResultsCsv
FN:659,getReviewForAdmin
FN:774,bulkDeleteResults
FN:787,bulkEmailResults
FNF:16
FNH:8
FNDA:2,mapResultRow
FNDA:4,parseOptionalExamId
FNDA:2,parseOptionalExamIds
FNDA:0,parseOptionalCollegeCode
FNDA:0,parseOptionalCollegeCodes
FNDA:2,buildViolationCountMap
FNDA:2,listForStudent
FNDA:2,listForInstructor
FNDA:0,listForAdmin
FNDA:2,examSummary
FNDA:1,exportExamResultsCsv
FNDA:0,getReviewForStudent
FNDA:0,exportBulkExamResultsCsv
FNDA:0,getReviewForAdmin
FNDA:0,bulkDeleteResults
FNDA:0,bulkEmailResults
DA:1,1
DA:2,1
DA:3,1
DA:4,1
DA:5,1
DA:6,2
DA:7,2
DA:8,2
DA:9,2
DA:10,2
DA:11,2
DA:12,2
DA:13,2
DA:14,2
DA:15,2
DA:16,2
DA:17,2
DA:18,2
DA:19,2
DA:20,2
DA:21,2
DA:22,2
DA:23,2
DA:24,2
DA:25,1
DA:26,4
DA:27,4
DA:28,2
DA:29,4
DA:30,4
DA:31,1
DA:32,2
DA:33,2
DA:34,2
DA:35,2
DA:36,2
DA:37,2
DA:38,1
DA:39,0
DA:40,0
DA:41,0
DA:42,0
DA:43,0
DA:44,1
DA:45,0
DA:46,0
DA:47,0
DA:48,0
DA:49,0
DA:50,0
DA:51,1
DA:52,1
DA:53,1
DA:54,1
DA:55,1
DA:56,1
DA:57,1
DA:58,1
DA:59,1
DA:60,1
DA:61,1
DA:62,1
DA:63,1
DA:64,1
DA:65,1
DA:66,1
DA:67,1
DA:68,1
DA:69,2
DA:70,2
DA:71,1
DA:72,1
DA:73,1
DA:74,1
DA:75,1
DA:76,1
DA:77,1
DA:78,1
DA:79,1
DA:80,2
DA:81,0
DA:82,0
DA:83,1
DA:84,1
DA:85,1
DA:86,2
DA:87,2
DA:88,2
DA:89,0
DA:90,0
DA:91,2
DA:92,2
DA:93,2
DA:94,2
DA:95,2
DA:96,2
DA:97,2
DA:98,2
DA:99,1
DA:100,1
DA:101,1
DA:102,1
DA:103,1
DA:104,2
DA:105,2
DA:106,2
DA:107,2
DA:108,2
DA:109,2
DA:110,2
DA:111,2
DA:112,2
DA:113,2
DA:114,2
DA:115,2
DA:116,2
DA:117,2
DA:118,1
DA:119,1
DA:120,1
DA:121,1
DA:122,1
DA:123,1
DA:124,1
DA:125,1
DA:126,1
DA:127,1
DA:128,1
DA:129,1
DA:130,1
DA:131,1
DA:132,1
DA:133,1
DA:134,1
DA:135,1
DA:136,1
DA:137,1
DA:138,1
DA:139,1
DA:140,1
DA:141,1
DA:142,1
DA:143,1
DA:144,2
DA:145,2
DA:146,2
DA:147,2
DA:148,0
DA:149,0
DA:150,2
DA:151,2
DA:152,2
DA:153,2
DA:154,2
DA:155,2
DA:156,2
DA:157,2
DA:158,2
DA:159,2
DA:160,2
DA:161,1
DA:162,1
DA:163,2
DA:164,0
DA:165,0
DA:166,2
DA:167,2
DA:168,1
DA:169,1
DA:170,1
DA:171,1
DA:172,1
DA:173,0
DA:174,0
DA:175,1
DA:176,1
DA:177,1
DA:178,1
DA:179,0
DA:180,0
DA:181,1
DA:182,2
DA:183,2
DA:184,2
DA:185,2
DA:186,1
DA:187,1
DA:188,2
DA:189,2
DA:190,2
DA:191,2
DA:192,2
DA:193,0
DA:194,0
DA:195,0
DA:196,0
DA:197,0
DA:198,0
DA:199,0
DA:200,0
DA:201,0
DA:202,1
DA:203,1
DA:204,1
DA:205,1
DA:206,1
DA:207,1
DA:208,1
DA:209,1
DA:210,1
DA:211,1
DA:212,1
DA:213,1
DA:214,1
DA:215,1
DA:216,1
DA:217,1
DA:218,1
DA:219,2
DA:220,2
DA:221,2
DA:222,2
DA:223,2
DA:224,2
DA:225,2
DA:226,2
DA:227,2
DA:228,2
DA:229,2
DA:230,1
DA:231,1
DA:232,1
DA:233,1
DA:234,0
DA:235,0
DA:236,0
DA:237,0
DA:238,0
DA:239,0
DA:240,0
DA:241,0
DA:242,0
DA:243,0
DA:244,0
DA:245,0
DA:246,0
DA:247,0
DA:248,0
DA:249,0
DA:250,0
DA:251,0
DA:252,0
DA:253,0
DA:254,0
DA:255,0
DA:256,0
DA:257,0
DA:258,0
DA:259,0
DA:260,0
DA:261,0
DA:262,0
DA:263,0
DA:264,0
DA:265,0
DA:266,0
DA:267,0
DA:268,0
DA:269,0
DA:270,0
DA:271,0
DA:272,0
DA:273,0
DA:274,0
DA:275,0
DA:276,0
DA:277,0
DA:278,0
DA:279,0
DA:280,0
DA:281,0
DA:282,0
DA:283,0
DA:284,0
DA:285,0
DA:286,0
DA:287,0
DA:288,0
DA:289,0
DA:290,0
DA:291,0
DA:292,0
DA:293,0
DA:294,0
DA:295,0
DA:296,0
DA:297,0
DA:298,0
DA:299,0
DA:300,0
DA:301,0
DA:302,0
DA:303,0
DA:304,0
DA:305,0
DA:306,0
DA:307,0
DA:308,0
DA:309,0
DA:310,0
DA:311,0
DA:312,0
DA:313,0
DA:314,1
DA:315,2
DA:316,2
DA:317,2
DA:318,0
DA:319,0
DA:320,2
DA:321,2
DA:322,2
DA:323,2
DA:324,2
DA:325,2
DA:326,2
DA:327,2
DA:328,2
DA:329,2
DA:330,2
DA:331,2
DA:332,2
DA:333,2
DA:334,2
DA:335,1
DA:336,1
DA:337,1
DA:338,1
DA:339,1
DA:340,1
DA:341,2
DA:342,2
DA:343,2
DA:344,2
DA:345,2
DA:346,2
DA:347,1
DA:348,1
DA:349,1
DA:350,1
DA:351,0
DA:352,0
DA:353,1
DA:354,1
DA:355,1
DA:356,1
DA:357,1
DA:358,1
DA:359,1
DA:360,1
DA:361,1
DA:362,1
DA:363,1
DA:364,1
DA:365,1
DA:366,1
DA:367,1
DA:368,1
DA:369,1
DA:370,1
DA:371,1
DA:372,1
DA:373,1
DA:374,1
DA:375,1
DA:376,1
DA:377,1
DA:378,1
DA:379,1
DA:380,1
DA:381,1
DA:382,1
DA:383,1
DA:384,1
DA:385,1
DA:386,0
DA:387,0
DA:388,0
DA:389,0
DA:390,0
DA:391,0
DA:392,0
DA:393,0
DA:394,0
DA:395,0
DA:396,0
DA:397,0
DA:398,0
DA:399,0
DA:400,0
DA:401,0
DA:402,0
DA:403,0
DA:404,0
DA:405,0
DA:406,0
DA:407,0
DA:408,0
DA:409,0
DA:410,0
DA:411,0
DA:412,0
DA:413,0
DA:414,0
DA:415,0
DA:416,0
DA:417,0
DA:418,0
DA:419,0
DA:420,0
DA:421,0
DA:422,0
DA:423,0
DA:424,0
DA:425,0
DA:426,0
DA:427,0
DA:428,0
DA:429,0
DA:430,0
DA:431,0
DA:432,0
DA:433,0
DA:434,0
DA:435,0
DA:436,0
DA:437,0
DA:438,0
DA:439,0
DA:440,0
DA:441,0
DA:442,0
DA:443,0
DA:444,0
DA:445,0
DA:446,0
DA:447,0
DA:448,0
DA:449,0
DA:450,0
DA:451,0
DA:452,0
DA:453,0
DA:454,0
DA:455,0
DA:456,0
DA:457,0
DA:458,0
DA:459,0
DA:460,0
DA:461,0
DA:462,0
DA:463,0
DA:464,0
DA:465,0
DA:466,0
DA:467,0
DA:468,0
DA:469,0
DA:470,0
DA:471,0
DA:472,0
DA:473,0
DA:474,0
DA:475,0
DA:476,0
DA:477,0
DA:478,0
DA:479,0
DA:480,0
DA:481,0
DA:482,0
DA:483,0
DA:484,0
DA:485,0
DA:486,0
DA:487,0
DA:488,0
DA:489,0
DA:490,0
DA:491,0
DA:492,0
DA:493,0
DA:494,0
DA:495,0
DA:496,0
DA:497,0
DA:498,0
DA:499,0
DA:500,0
DA:501,0
DA:502,0
DA:503,1
DA:504,0
DA:505,0
DA:506,0
DA:507,0
DA:508,0
DA:509,0
DA:510,0
DA:511,0
DA:512,0
DA:513,0
DA:514,0
DA:515,0
DA:516,0
DA:517,0
DA:518,0
DA:519,0
DA:520,0
DA:521,0
DA:522,0
DA:523,0
DA:524,0
DA:525,0
DA:526,0
DA:527,0
DA:528,0
DA:529,0
DA:530,0
DA:531,0
DA:532,0
DA:533,0
DA:534,0
DA:535,0
DA:536,0
DA:537,0
DA:538,0
DA:539,0
DA:540,0
DA:541,0
DA:542,0
DA:543,0
DA:544,0
DA:545,0
DA:546,0
DA:547,0
DA:548,0
DA:549,0
DA:550,0
DA:551,0
DA:552,0
DA:553,0
DA:554,0
DA:555,0
DA:556,0
DA:557,0
DA:558,0
DA:559,0
DA:560,0
DA:561,0
DA:562,0
DA:563,0
DA:564,0
DA:565,0
DA:566,0
DA:567,0
DA:568,0
DA:569,0
DA:570,0
DA:571,0
DA:572,0
DA:573,0
DA:574,0
DA:575,0
DA:576,0
DA:577,0
DA:578,0
DA:579,0
DA:580,0
DA:581,0
DA:582,0
DA:583,0
DA:584,0
DA:585,0
DA:586,0
DA:587,0
DA:588,0
DA:589,0
DA:590,0
DA:591,0
DA:592,0
DA:593,0
DA:594,0
DA:595,0
DA:596,0
DA:597,0
DA:598,0
DA:599,0
DA:600,0
DA:601,0
DA:602,0
DA:603,0
DA:604,0
DA:605,0
DA:606,0
DA:607,0
DA:608,0
DA:609,0
DA:610,0
DA:611,0
DA:612,0
DA:613,0
DA:614,0
DA:615,0
DA:616,0
DA:617,0
DA:618,0
DA:619,0
DA:620,0
DA:621,0
DA:622,0
DA:623,0
DA:624,0
DA:625,0
DA:626,0
DA:627,0
DA:628,0
DA:629,0
DA:630,0
DA:631,0
DA:632,0
DA:633,0
DA:634,0
DA:635,0
DA:636,0
DA:637,0
DA:638,0
DA:639,0
DA:640,0
DA:641,0
DA:642,0
DA:643,0
DA:644,0
DA:645,0
DA:646,0
DA:647,0
DA:648,0
DA:649,0
DA:650,0
DA:651,0
DA:652,0
DA:653,0
DA:654,0
DA:655,0
DA:656,0
DA:657,0
DA:658,1
DA:659,0
DA:660,0
DA:661,0
DA:662,0
DA:663,0
DA:664,0
DA:665,0
DA:666,0
DA:667,0
DA:668,0
DA:669,0
DA:670,0
DA:671,0
DA:672,0
DA:673,0
DA:674,0
DA:675,0
DA:676,0
DA:677,0
DA:678,0
DA:679,0
DA:680,0
DA:681,0
DA:682,0
DA:683,0
DA:684,0
DA:685,0
DA:686,0
DA:687,0
DA:688,0
DA:689,0
DA:690,0
DA:691,0
DA:692,0
DA:693,0
DA:694,0
DA:695,0
DA:696,0
DA:697,0
DA:698,0
DA:699,0
DA:700,0
DA:701,0
DA:702,0
DA:703,0
DA:704,0
DA:705,0
DA:706,0
DA:707,0
DA:708,0
DA:709,0
DA:710,0
DA:711,0
DA:712,0
DA:713,0
DA:714,0
DA:715,0
DA:716,0
DA:717,0
DA:718,0
DA:719,0
DA:720,0
DA:721,0
DA:722,0
DA:723,0
DA:724,0
DA:725,0
DA:726,0
DA:727,0
DA:728,0
DA:729,0
DA:730,0
DA:731,0
DA:732,0
DA:733,0
DA:734,0
DA:735,0
DA:736,0
DA:737,0
DA:738,0
DA:739,0
DA:740,0
DA:741,0
DA:742,0
DA:743,0
DA:744,0
DA:745,0
DA:746,0
DA:747,0
DA:748,0
DA:749,0
DA:750,0
DA:751,0
DA:752,0
DA:753,0
DA:754,0
DA:755,0
DA:756,0
DA:757,0
DA:758,0
DA:759,0
DA:760,0
DA:761,0
DA:762,0
DA:763,0
DA:764,0
DA:765,0
DA:766,0
DA:767,0
DA:768,0
DA:769,0
DA:770,0
DA:771,0
DA:772,0
DA:773,1
DA:774,0
DA:775,0
DA:776,0
DA:777,0
DA:778,0
DA:779,0
DA:780,0
DA:781,0
DA:782,0
DA:783,0
DA:784,0
DA:785,0
DA:786,1
DA:787,0
DA:788,0
DA:789,0
DA:790,0
DA:791,0
DA:792,0
DA:793,0
DA:794,0
DA:795,0
DA:796,0
DA:797,0
DA:798,0
DA:799,0
DA:800,0
DA:801,0
DA:802,0
DA:803,0
DA:804,0
DA:805,0
DA:806,0
DA:807,0
DA:808,0
DA:809,0
DA:810,0
DA:811,0
DA:812,0
DA:813,0
DA:814,0
DA:815,0
DA:816,0
DA:817,0
DA:818,1
DA:819,1
DA:820,1
DA:821,1
DA:822,1
DA:823,1
DA:824,1
DA:825,1
DA:826,1
DA:827,1
DA:828,1
DA:829,1
DA:830,1
DA:831,1
LF:831
LH:287
BRDA:6,0,0,2
BRDA:14,1,0,0
BRDA:16,2,0,0
BRDA:17,3,0,0
BRDA:18,4,0,0
BRDA:18,5,0,0
BRDA:20,6,0,0
BRDA:26,7,0,4
BRDA:27,8,0,2
BRDA:27,9,0,2
BRDA:29,10,0,0
BRDA:32,11,0,2
BRDA:33,12,0,0
BRDA:33,13,0,0
BRDA:34,14,0,0
BRDA:36,15,0,0
BRDA:36,16,0,0
BRDA:69,17,0,2
BRDA:70,18,0,1
BRDA:80,19,0,0
BRDA:82,20,0,1
BRDA:71,21,0,1
BRDA:75,22,0,1
BRDA:86,23,0,2
BRDA:88,24,0,0
BRDA:92,25,0,0
BRDA:93,26,0,0
BRDA:96,27,0,0
BRDA:98,28,0,1
BRDA:104,29,0,0
BRDA:114,30,0,1
BRDA:114,31,0,0
BRDA:117,32,0,1
BRDA:121,33,0,1
BRDA:144,34,0,2
BRDA:147,35,0,0
BRDA:151,36,0,0
BRDA:152,37,0,0
BRDA:160,38,0,1
BRDA:163,39,0,0
BRDA:167,40,0,1
BRDA:172,41,0,0
BRDA:175,42,0,0
BRDA:178,43,0,0
BRDA:185,44,0,1
BRDA:188,45,0,0
BRDA:188,46,0,1
BRDA:189,47,0,0
BRDA:189,48,0,1
BRDA:189,49,0,0
BRDA:192,50,0,0
BRDA:192,51,0,0
BRDA:201,52,0,1
BRDA:219,53,0,0
BRDA:219,54,0,1
BRDA:229,55,0,1
BRDA:315,56,0,2
BRDA:317,57,0,0
BRDA:334,58,0,1
BRDA:341,59,0,0
BRDA:342,60,0,1
BRDA:342,61,0,0
BRDA:342,62,0,0
BRDA:343,63,0,0
BRDA:344,64,0,0
BRDA:348,65,0,1
BRDA:350,66,0,0
BRDA:368,67,0,1
BRDA:373,68,0,0
BRDA:375,69,0,0
BRDA:376,70,0,0
BRDA:377,71,0,0
BRDA:380,72,0,8
BRF:73
BRH:30
end_of_record
TN:
SF:src\services\users.service.js
FN:11,clearCollegesCache
FN:15,normalizeEmail
FN:19,safeUserSelect
FN:42,createUser
FN:93,updateUser
FN:152,bulkUpdateManageExams
FN:160,listUsers
FN:226,listInstructors
FN:238,createInstructor
FN:242,bulkImportCadets
FN:339,searchUsers
FN:469,getFilters
FN:516,getUserById
FN:534,deleteUserById
FN:571,adminResetUserPassword
FN:589,bulkDisableUsers
FNF:16
FNH:8
FNDA:8,clearCollegesCache
FNDA:0,normalizeEmail
FNDA:1,safeUserSelect
FNDA:3,createUser
FNDA:3,updateUser
FNDA:0,bulkUpdateManageExams
FNDA:1,listUsers
FNDA:0,listInstructors
FNDA:0,createInstructor
FNDA:1,bulkImportCadets
FNDA:0,searchUsers
FNDA:0,getFilters
FNDA:0,getUserById
FNDA:2,deleteUserById
FNDA:0,adminResetUserPassword
FNDA:1,bulkDisableUsers
DA:1,1
DA:2,1
DA:3,1
DA:4,1
DA:5,1
DA:6,1
DA:7,1
DA:8,1
DA:9,1
DA:10,1
DA:11,8
DA:12,8
DA:13,8
DA:14,1
DA:15,0
DA:16,0
DA:17,0
DA:18,1
DA:19,1
DA:20,1
DA:21,1
DA:22,1
DA:23,1
DA:24,1
DA:25,1
DA:26,1
DA:27,1
DA:28,1
DA:29,1
DA:30,1
DA:31,1
DA:32,1
DA:33,1
DA:34,1
DA:35,1
DA:36,1
DA:37,1
DA:38,1
DA:39,1
DA:40,1
DA:41,1
DA:42,3
DA:43,3
DA:44,3
DA:45,3
DA:46,1
DA:47,1
DA:48,0
DA:49,0
DA:50,1
DA:51,1
DA:52,1
DA:53,3
DA:54,3
DA:55,3
DA:56,3
DA:57,3
DA:58,3
DA:59,3
DA:60,3
DA:61,3
DA:62,3
DA:63,3
DA:64,3
DA:65,3
DA:66,3
DA:67,1
DA:68,1
DA:69,2
DA:70,3
DA:71,3
DA:72,2
DA:73,2
DA:74,2
DA:75,2
DA:76,3
DA:77,3
DA:78,3
DA:79,3
DA:80,3
DA:81,3
DA:82,3
DA:83,3
DA:84,3
DA:85,3
DA:86,3
DA:87,3
DA:88,2
DA:89,2
DA:90,2
DA:91,2
DA:92,1
DA:93,3
DA:94,3
DA:95,3
DA:96,3
DA:97,3
DA:98,3
DA:99,3
DA:100,3
DA:101,3
DA:102,3
DA:103,3
DA:104,3
DA:105,1
DA:106,1
DA:107,1
DA:108,1
DA:109,1
DA:110,1
DA:111,1
DA:112,1
DA:113,1
DA:114,1
DA:115,2
DA:116,2
DA:117,2
DA:118,3
DA:119,3
DA:120,3
DA:121,3
DA:122,3
DA:123,3
DA:124,3
DA:125,3
DA:126,3
DA:127,3
DA:128,0
DA:129,0
DA:130,2
DA:131,3
DA:132,1
DA:133,1
DA:134,2
DA:135,2
DA:136,2
DA:137,2
DA:138,2
DA:139,2
DA:140,2
DA:141,2
DA:142,3
DA:143,1
DA:144,1
DA:145,1
DA:146,1
DA:147,1
DA:148,2
DA:149,2
DA:150,2
DA:151,1
DA:152,0
DA:153,0
DA:154,0
DA:155,0
DA:156,0
DA:157,0
DA:158,0
DA:159,1
DA:160,1
DA:161,1
DA:162,1
DA:163,1
DA:164,1
DA:165,0
DA:166,0
DA:167,0
DA:168,0
DA:169,0
DA:170,0
DA:171,0
DA:172,0
DA:173,0
DA:174,1
DA:175,1
DA:176,1
DA:177,1
DA:178,1
DA:179,1
DA:180,1
DA:181,1
DA:182,1
DA:183,1
DA:184,1
DA:185,1
DA:186,1
DA:187,1
DA:188,1
DA:189,1
DA:190,1
DA:191,0
DA:192,0
DA:193,1
DA:194,1
DA:195,1
DA:196,1
DA:197,1
DA:198,1
DA:199,1
DA:200,1
DA:201,1
DA:202,1
DA:203,1
DA:204,1
DA:205,1
DA:206,1
DA:207,1
DA:208,1
DA:209,1
DA:210,1
DA:211,1
DA:212,1
DA:213,1
DA:214,1
DA:215,1
DA:216,1
DA:217,1
DA:218,1
DA:219,1
DA:220,1
DA:221,1
DA:222,1
DA:223,1
DA:224,1
DA:225,1
DA:226,0
DA:227,0
DA:228,0
DA:229,0
DA:230,0
DA:231,0
DA:232,0
DA:233,0
DA:234,0
DA:235,0
DA:236,0
DA:237,1
DA:238,0
DA:239,0
DA:240,0
DA:241,1
DA:242,1
DA:243,1
DA:244,0
DA:245,0
DA:246,1
DA:247,1
DA:248,1
DA:249,1
DA:250,1
DA:251,1
DA:252,1
DA:253,1
DA:254,1
DA:255,1
DA:256,1
DA:257,1
DA:258,1
DA:259,3
DA:260,3
DA:261,1
DA:262,1
DA:263,1
DA:264,1
DA:265,1
DA:266,1
DA:267,1
DA:268,2
DA:269,3
DA:270,0
DA:271,0
DA:272,0
DA:273,0
DA:274,0
DA:275,0
DA:276,0
DA:277,2
DA:278,2
DA:279,2
DA:280,2
DA:281,2
DA:282,2
DA:283,2
DA:284,2
DA:285,3
DA:286,3
DA:287,3
DA:288,3
DA:289,3
DA:290,1
DA:291,1
DA:292,0
DA:293,0
DA:294,1
DA:295,1
DA:296,1
DA:297,1
DA:298,1
DA:299,1
DA:300,1
DA:301,1
DA:302,1
DA:303,1
DA:304,1
DA:305,1
DA:306,2
DA:307,1
DA:308,1
DA:309,1
DA:310,1
DA:311,1
DA:312,1
DA:313,1
DA:314,1
DA:315,2
DA:316,1
DA:317,1
DA:318,1
DA:319,1
DA:320,1
DA:321,1
DA:322,1
DA:323,1
DA:324,1
DA:325,1
DA:326,0
DA:327,0
DA:328,0
DA:329,0
DA:330,0
DA:331,0
DA:332,0
DA:333,0
DA:334,1
DA:335,1
DA:336,1
DA:337,1
DA:338,1
DA:339,0
DA:340,0
DA:341,0
DA:342,0
DA:343,0
DA:344,0
DA:345,0
DA:346,0
DA:347,0
DA:348,0
DA:349,0
DA:350,0
DA:351,0
DA:352,0
DA:353,0
DA:354,0
DA:355,0
DA:356,0
DA:357,0
DA:358,0
DA:359,0
DA:360,0
DA:361,0
DA:362,0
DA:363,0
DA:364,0
DA:365,0
DA:366,0
DA:367,0
DA:368,0
DA:369,0
DA:370,0
DA:371,0
DA:372,0
DA:373,0
DA:374,0
DA:375,0
DA:376,0
DA:377,0
DA:378,0
DA:379,0
DA:380,0
DA:381,0
DA:382,0
DA:383,0
DA:384,0
DA:385,0
DA:386,0
DA:387,0
DA:388,0
DA:389,0
DA:390,0
DA:391,0
DA:392,0
DA:393,0
DA:394,0
DA:395,0
DA:396,0
DA:397,0
DA:398,0
DA:399,0
DA:400,0
DA:401,0
DA:402,0
DA:403,0
DA:404,0
DA:405,0
DA:406,0
DA:407,0
DA:408,0
DA:409,0
DA:410,0
DA:411,0
DA:412,0
DA:413,0
DA:414,0
DA:415,0
DA:416,0
DA:417,0
DA:418,0
DA:419,0
DA:420,0
DA:421,0
DA:422,0
DA:423,0
DA:424,0
DA:425,0
DA:426,0
DA:427,0
DA:428,0
DA:429,0
DA:430,0
DA:431,0
DA:432,0
DA:433,0
DA:434,0
DA:435,0
DA:436,0
DA:437,0
DA:438,0
DA:439,0
DA:440,0
DA:441,0
DA:442,0
DA:443,0
DA:444,0
DA:445,0
DA:446,0
DA:447,0
DA:448,0
DA:449,0
DA:450,0
DA:451,0
DA:452,0
DA:453,0
DA:454,0
DA:455,0
DA:456,0
DA:457,0
DA:458,0
DA:459,0
DA:460,0
DA:461,0
DA:462,0
DA:463,0
DA:464,0
DA:465,0
DA:466,0
DA:467,0
DA:468,1
DA:469,0
DA:470,0
DA:471,0
DA:472,0
DA:473,0
DA:474,0
DA:475,0
DA:476,0
DA:477,0
DA:478,0
DA:479,0
DA:480,0
DA:481,0
DA:482,0
DA:483,0
DA:484,0
DA:485,0
DA:486,0
DA:487,0
DA:488,0
DA:489,0
DA:490,0
DA:491,0
DA:492,0
DA:493,0
DA:494,0
DA:495,0
DA:496,0
DA:497,0
DA:498,0
DA:499,0
DA:500,0
DA:501,0
DA:502,0
DA:503,0
DA:504,0
DA:505,0
DA:506,0
DA:507,0
DA:508,0
DA:509,0
DA:510,0
DA:511,0
DA:512,0
DA:513,0
DA:514,0
DA:515,1
DA:516,0
DA:517,0
DA:518,0
DA:519,0
DA:520,0
DA:521,0
DA:522,0
DA:523,0
DA:524,0
DA:525,0
DA:526,0
DA:527,0
DA:528,0
DA:529,0
DA:530,0
DA:531,0
DA:532,0
DA:533,1
DA:534,2
DA:535,2
DA:536,2
DA:537,0
DA:538,0
DA:539,2
DA:540,2
DA:541,2
DA:542,0
DA:543,0
DA:544,2
DA:545,2
DA:546,1
DA:547,1
DA:548,1
DA:549,1
DA:550,1
DA:551,1
DA:552,1
DA:553,1
DA:554,1
DA:555,1
DA:556,1
DA:557,1
DA:558,1
DA:559,1
DA:560,1
DA:561,1
DA:562,1
DA:563,1
DA:564,1
DA:565,1
DA:566,1
DA:567,1
DA:568,1
DA:569,1
DA:570,1
DA:571,0
DA:572,0
DA:573,0
DA:574,0
DA:575,0
DA:576,0
DA:577,0
DA:578,0
DA:579,0
DA:580,0
DA:581,0
DA:582,0
DA:583,0
DA:584,0
DA:585,0
DA:586,0
DA:587,0
DA:588,1
DA:589,1
DA:590,1
DA:591,1
DA:592,1
DA:593,1
DA:594,1
DA:595,1
DA:596,1
DA:597,1
DA:598,1
DA:599,1
DA:600,1
DA:601,1
DA:602,1
DA:603,1
DA:604,1
DA:605,1
DA:606,1
DA:607,1
DA:608,1
DA:609,1
DA:610,1
DA:611,1
DA:612,1
DA:613,1
DA:614,1
DA:615,1
DA:616,1
DA:617,1
DA:618,1
DA:619,1
DA:620,1
DA:621,1
DA:622,1
DA:623,1
DA:624,1
DA:625,1
DA:626,1
DA:627,1
DA:628,1
LF:628
LH:357
BRDA:11,0,0,8
BRDA:19,1,0,1
BRDA:42,2,0,3
BRDA:45,3,0,2
BRDA:45,4,0,1
BRDA:47,5,0,0
BRDA:55,6,0,0
BRDA:56,7,0,0
BRDA:56,8,0,0
BRDA:66,9,0,1
BRDA:68,10,0,2
BRDA:70,11,0,1
BRDA:70,12,0,0
BRDA:70,13,0,2
BRDA:71,14,0,2
BRDA:71,15,0,2
BRDA:76,16,0,0
BRDA:79,17,0,1
BRDA:80,18,0,0
BRDA:80,19,0,0
BRDA:80,20,0,2
BRDA:83,21,0,2
BRDA:84,22,0,0
BRDA:84,23,0,2
BRDA:87,24,0,2
BRDA:93,25,0,3
BRDA:95,26,0,0
BRDA:100,27,0,1
BRDA:100,28,0,1
BRDA:100,29,0,2
BRDA:101,30,0,0
BRDA:101,31,0,0
BRDA:104,32,0,1
BRDA:114,33,0,2
BRDA:118,34,0,0
BRDA:118,35,0,2
BRDA:120,36,0,0
BRDA:120,37,0,0
BRDA:120,38,0,2
BRDA:127,39,0,0
BRDA:129,40,0,2
BRDA:131,41,0,1
BRDA:133,42,0,2
BRDA:142,43,0,1
BRDA:147,44,0,2
BRDA:160,45,0,1
BRDA:161,46,0,0
BRDA:162,47,0,0
BRDA:164,48,0,0
BRDA:164,49,0,0
BRDA:190,50,0,0
BRDA:190,51,0,0
BRDA:195,52,0,0
BRDA:196,53,0,0
BRDA:210,54,0,1
BRDA:212,55,0,0
BRDA:212,56,0,0
BRDA:242,57,0,1
BRDA:243,58,0,0
BRDA:258,59,0,3
BRDA:260,60,0,2
BRDA:260,61,0,1
BRDA:267,62,0,2
BRDA:269,63,0,0
BRDA:276,64,0,2
BRDA:286,65,0,2
BRDA:291,66,0,0
BRDA:305,67,0,2
BRDA:306,68,0,1
BRDA:325,69,0,0
BRDA:302,70,0,1
BRDA:534,71,0,2
BRDA:536,72,0,0
BRDA:541,73,0,0
BRDA:545,74,0,1
BRDA:546,75,0,1
BRDA:560,76,0,1
BRDA:589,77,0,1
BRDA:590,78,0,0
BRDA:594,79,0,2
BRDA:604,80,0,2
BRF:81
BRH:48
end_of_record
TN:
SF:src\utils\http-error.js
FN:7,HttpError
FNF:1
FNH:1
FNDA:135,HttpError
DA:1,1
DA:2,1
DA:3,1
DA:4,1
DA:5,1
DA:6,1
DA:7,1
DA:8,135
DA:9,135
DA:10,135
DA:11,135
DA:12,1
DA:13,1
DA:14,1
LF:14
LH:14
BRDA:7,0,0,135
BRF:1
BRH:1
end_of_record
TN:
SF:src\utils\jwt.js
FN:13,signToken
FN:17,signRefreshToken
FN:21,verifyToken
FN:25,verifyRefreshToken
FNF:4
FNH:4
FNDA:2,signToken
FNDA:2,signRefreshToken
FNDA:2,verifyToken
FNDA:1,verifyRefreshToken
DA:1,1
DA:2,1
DA:3,1
DA:4,1
DA:5,1
DA:6,1
DA:7,1
DA:8,7
DA:9,7
DA:10,1
DA:11,1
DA:12,1
DA:13,2
DA:14,2
DA:15,2
DA:16,1
DA:17,2
DA:18,2
DA:19,2
DA:20,1
DA:21,2
DA:22,2
DA:23,2
DA:24,1
DA:25,1
DA:26,1
DA:27,1
DA:28,1
DA:29,1
DA:30,1
DA:31,1
DA:32,1
DA:33,1
DA:34,1
LF:34
LH:34
BRDA:4,0,0,3
BRDA:6,1,0,1
BRDA:8,2,0,7
BRDA:10,3,0,2
BRDA:11,4,0,2
BRDA:13,5,0,2
BRDA:17,6,0,2
BRDA:21,7,0,2
BRDA:25,8,0,1
BRF:9
BRH:9
end_of_record
TN:
SF:src\utils\logger.js
FN:18,formatLog
FN:28,writeLogAsync
FN:35,info
FN:40,warn
FN:45,error
FN:50,audit
FNF:6
FNH:6
FNDA:14,formatLog
FNDA:14,writeLogAsync
FNDA:3,info
FNDA:1,warn
FNDA:4,error
FNDA:6,audit
DA:1,1
DA:2,1
DA:3,1
DA:4,1
DA:5,1
DA:6,1
DA:7,1
DA:8,1
DA:9,1
DA:10,1
DA:11,1
DA:12,1
DA:13,1
DA:14,1
DA:15,1
DA:16,1
DA:17,1
DA:18,1
DA:19,14
DA:20,14
DA:21,14
DA:22,14
DA:23,14
DA:24,14
DA:25,14
DA:26,14
DA:27,1
DA:28,1
DA:29,14
DA:30,1
DA:31,14
DA:32,14
DA:33,1
DA:34,1
DA:35,1
DA:36,3
DA:37,3
DA:38,3
DA:39,1
DA:40,1
DA:41,1
DA:42,1
DA:43,1
DA:44,1
DA:45,1
DA:46,4
DA:47,4
DA:48,4
DA:49,1
DA:50,1
DA:51,6
DA:52,6
DA:53,6
DA:54,6
DA:55,1
DA:56,1
DA:57,1
LF:57
LH:57
BRDA:14,0,0,1
BRDA:18,1,0,14
BRDA:28,2,0,14
BRDA:29,3,0,1
BRDA:35,4,0,3
BRDA:40,5,0,1
BRDA:45,6,0,4
BRDA:50,7,0,6
BRF:8
BRH:8
end_of_record
TN:
SF:src\utils\validation.js
FN:3,parsePositiveInt
FNF:1
FNH:1
FNDA:32,parsePositiveInt
DA:1,1
DA:2,1
DA:3,32
DA:4,32
DA:5,32
DA:6,28
DA:7,28
DA:8,4
DA:9,4
DA:10,1
DA:11,1
DA:12,1
DA:13,1
LF:13
LH:13
BRDA:3,0,0,32
BRDA:5,1,0,16
BRDA:5,2,0,31
BRDA:5,3,0,28
BRDA:7,4,0,4
BRF:5
BRH:5
end_of_record
